12465
14486
13015
6055
431
10281
4014
12031
3170
10177
9057
2821
7317
13324
550
6128
10485
13942
11757
13014
9505
2041
8239
10144
6881
10350
1052
5842
5526
5713
14689
10133
7006
7774
1236
5904
14570
11270
3289
5991
7989
8066
10383
399
4179
6312
2495
14468
5262
6037
2533
4791
8507
1226
13844
10276
2740
10073
11895
6609
2443
13895
7872
5321
7758
6095
5231
11709
12211
10449
9030
2479
190
4751
3854
14857
4171
3949
3619
6552
6518
1773
4203
1387
173
8577
1257
8753
6869
8067
693
14234
13303
8330
14026
529
3485
7824
12670
11419
6567
2885
13722
11896
1080
7388
10617
12389
4348
13063
663
7448
5221
10171
4367
9490
12945
7570
11315
13807
14579
12001
10710
8792
2902
11519
12892
6583
13427
1184
12613
9994
5107
3823
10181
10423
11609
8496
13868
10353
10642
14469
3861
10297
2809
4227
2724
149
3760
8453
9663
10233
9923
1397
8832
7229
10393
8107
6856
11359
12262
13384
7052
11127
13970
7733
6903
5879
5418
6280
3152
2068
11220
14044
14190
7924
8921
9883
12896
10773
7118
13506
460
7509
1141
6310
9336
6031
7695
5832
8130
577
9
5402
2152
11428
13027
151
12608
13234
5796
6593
12120
13706
14664
1342
5826
13989
11156
5512
3460
9450
1699
13119
8557
10349
5977
93
2313
720
14348
7801
1946
512
13344
5633
5392
13670
12050
11191
14414
12759
6442
11540
12678
4353
4738
1681
10551
9040
2941
2062
5687
6642
7274
5151
6357
11215
5951
7996
686
7155
11178
9688
11858
13588
7574
2340
7644
3772
6228
6716
6478
5105
6628
2764
12636
1624
1756
614
2920
13084
1973
5045
6800
7261
14637
11431
1962
13091
13904
8593
6524
13117
4702
7258
9483
2221
5766
11393
13220
4156
9962
6581
409
12952
2428
14410
4439
5972
13738
4126
10697
7234
6453
10053
13406
14529
10415
10250
1743
8978
8031
992
14790
5345
12966
12572
14844
4574
8485
8273
6060
5404
6125
4131
721
13707
11531
8086
5868
2848
3545
4553
10208
5214
6322
2584
4965
3777
674
1197
7205
13253
4727
5519
3272
8747
2600
4018
13651
222
9138
13716
985
13779
2408
5261
517
4685
5921
9502
13424
11079
14884
3304
9900
3452
13352
12331
14794
8948
2158
10254
438
3516
4604
1539
8626
9424
12564
9481
5276
3298
8501
13225
13713
10651
6674
8026
4776
5267
6418
7130
11269
11338
9076
4161
652
809
12
696
10463
1613
7700
14478
12306
8875
5407
13110
8354
9486
4152
8897
6615
1817
14345
8757
10872
9021
8488
2932
11344
13313
5523
9472
832
12145
14989
10401
3397
14307
236
9480
3532
7908
9290
11355
4774
3183
5064
317
7871
13307
620
4068
11639
13657
4876
5986
8852
11104
4020
12029
1786
13644
11059
13903
3077
13817
4312
12773
7336
8238
9573
8091
4274
10150
6165
12387
329
11732
1025
8911
5755
6613
5751
3943
14731
10742
9299
5934
6374
13865
65
14734
1372
13250
4322
11815
9532
2854
14681
6064
7686
6636
1995
3019
10061
12625
10376
331
12341
12386
13742
8015
2039
1063
14809
8253
6998
11187
938
5699
2822
1864
4104
3981
2135
14317
7445
6430
8723
13502
380
12185
13478
7553
9257
11749
5841
6014
7726
11222
2548
6260
11066
5812
13291
2790
1277
5113
5646
1960
2751
4904
10091
4526
9023
4146
6140
3068
10678
12227
4846
3496
6974
1069
1916
13215
2610
8847
8493
3409
9470
7748
3323
2963
4242
1996
11105
11339
10514
5275
4327
7289
9530
1379
13212
7647
14195
8964
7396
7389
1499
7427
13357
3954
5405
1921
12791
3715
2352
13528
11673
4767
3966
5564
5590
7049
215
9732
8797
10951
5452
1528
13830
2574
5617
14686
7399
5278
13831
977
6702
2904
3585
13159
6845
7687
14754
6844
456
1860
9489
10673
6015
10686
1836
6490
10768
6004
4140
14741
8721
1401
10841
10762
12182
12232
5553
9990
14157
2453
5729
4692
10824
11090
14376
9258
5129
7044
1174
1068
11820
10524
6704
9643
14429
1504
3454
10280
5049
77
2130
10212
974
13558
11158
14632
11504
6047
14903
8429
2429
5750
12367
4114
3595
12118
6359
109
14511
10360
1788
8602
8359
5368
12886
2830
7271
14379
9412
6100
14438
1219
1165
1782
1963
11004
7311
3303
9514
8515
11058
12907
7731
1806
8876
13627
12333
13074
6697
7584
2659
6457
11767
2617
4833
10244
11649
8767
9160
10215
13283
4815
9933
14211
6187
1543
14626
11193
11539
8466
12278
8512
6419
13659
6398
220
639
9089
11538
5896
12111
4953
2899
2857
4220
3594
257
9840
1675
13400
1009
7623
7813
14717
5025
5674
11515
8174
7722
5640
10659
415
14980
4540
6955
11162
12653
1053
3288
248
10704
1363
4125
5857
11742
2558
10789
5320
4792
6243
11453
5409
5612
1359
10967
8266
5968
1510
8149
2346
9754
8270
5949
14042
12960
14518
11589
4036
9287
12261
1868
437
13402
924
12012
5115
11512
8016
7522
8943
11435
5075
12421
10885
4465
9791
606
624
14688
1480
3781
14729
1305
10121
8310
8023
5844
823
9384
11696
1428
14521
762
13017
4804
5563
7800
834
3634
1362
10604
12254
2030
7819
11642
14036
7287
2781
4459
4198
10410
4639
54
3838
3881
14932
315
299
13361
7965
11298
14268
10940
2020
8855
12030
11636
6259
9400
5727
11336
13524
8447
7319
12407
6093
2057
346
9364
1090
8115
10154
4259
1381
12235
10605
14175
5038
6957
11201
7079
11864
13213
3735
8212
6993
7202
12882
1553
6646
14514
3094
3702
2926
2381
9980
1631
10179
2729
4844
9871
531
10111
6546
9633
2703
6166
5200
14053
12972
10668
3380
1978
8993
3824
11212
10555
10267
3674
2294
10174
12475
1270
9222
13683
4466
9406
3015
9770
5307
9433
1550
4489
9044
12388
10288
3755
14368
3146
9399
1975
14737
520
9050
1924
2644
7254
14450
7912
600
805
10864
9350
1880
9360
11874
13000
7604
8537
10862
1983
13861
9549
7172
10931
2031
13149
10149
8113
5516
13333
1644
3440
10324
4043
6381
11307
9468
6693
11106
14703
8286
2942
1156
13512
2323
5478
12248
6598
57
13507
14229
5148
6007
196
8958
6574
13726
6222
8511
824
12443
6180
7144
1849
10653
8448
13387
4165
991
14080
7815
4280
11345
2050
2638
7325
12066
12618
1487
3809
5274
13675
6087
11424
12163
14093
4492
13740
4997
8001
11410
10258
11289
828
11023
11234
10791
3794
685
14712
11433
1293
9228
8370
3418
4563
7439
11701
3364
3612
13563
3281
1593
9181
8522
13241
556
13804
5167
12208
5385
137
9458
1196
1906
8592
12065
11549
6123
11746
8438
7087
11179
9108
4675
9728
14448
7323
14866
10295
2105
12401
9609
2999
429
277
3833
1497
10097
12774
9016
12477
349
7953
10804
4874
2361
13746
12393
3223
14657
6551
4021
6824
5363
8550
8163
14993
13021
5446
6539
14422
8745
327
10093
8838
12114
14244
2076
14299
14420
13850
3234
6218
8328
12535
2153
1599
3095
9362
10255
12005
6205
2345
2387
3934
8926
8440
368
4902
1231
13926
2756
8491
7636
1278
8381
1957
12992
8294
5574
12963
12857
2037
13700
14466
4723
13680
1762
12251
9059
13351
8869
14949
9824
1536
10792
13589
8816
496
3856
842
8498
4509
6668
14349
10707
9577
9559
9003
12300
14672
13718
6251
7224
2211
147
10929
6342
1253
13636
7723
13372
8974
6056
11594
2502
1029
12834
1564
12308
2418
12490
8863
6078
13389
4194
8478
198
4906
7972
1250
9789
12837
10798
469
5952
6501
14205
9306
3812
11342
7915
7149
12458
13278
13965
1917
5561
11071
4320
2302
4354
14031
10998
8188
10279
9054
9197
3658
5354
4178
836
12923
11671
6838
8455
11474
6774
4757
12954
480
8616
3774
13938
2535
11258
636
13470
9485
8946
12918
6904
7729
7830
11267
2605
4279
14625
5661
4549
2422
412
14756
13922
12082
6316
14209
8156
12887
2663
1391
5108
10632
1373
12711
7788
1558
7498
8463
436
10652
12581
12508
2572
4398
7513
5333
3032
13223
11137
13565
14065
14636
8667
9334
6949
1078
12009
3890
1353
8581
8717
12249
7227
12521
13026
14769
5898
2215
1579
7377
6215
6241
10163
1154
11464
13665
8445
10048
10724
11172
8
12155
10043
12755
2439
9318
12512
3250
7724
14024
9471
6531
11908
1606
12117
3445
13376
10120
1685
11900
11774
8452
5026
654
10526
9339
803
9269
451
4714
13195
8133
9645
12160
12069
5223
5693
2161
11379
7808
8541
2872
9930
11227
11280
4539
7864
8712
8636
2016
3843
13349
9650
493
1354
11705
7777
14535
1385
3157
4302
5475
6893
4556
12864
11595
7835
7093
3064
10459
8462
12725
3748
1248
791
8204
7891
9997
4263
2861
2486
13469
10041
12190
7288
1672
2730
12162
3004
12555
8628
6429
6334
7211
2251
1861
14905
6587
8329
4967
12329
6416
2556
4007
13515
11884
9913
9205
14006
12597
457
13068
11230
1988
5772
13134
8020
3988
8260
6043
3126
14571
229
12633
8494
12019
7603
10476
303
13568
14740
2063
11743
12611
7904
11816
11299
239
10976
13909
1358
11626
491
4703
14465
9624
12644
6532
6793
2210
1615
1726
11541
9610
10834
6595
14055
194
2805
4444
1097
13531
14913
4328
9329
9843
13310
6412
6089
7969
4141
8794
6578
11699
13709
5112
7544
679
1588
1881
3048
13491
7913
9507
2892
13179
3790
1633
10032
6107
3013
10155
13842
90
2160
935
4754
4389
4664
2258
2676
5473
12076
8420
12970
4197
7164
3653
6749
11152
771
14238
11875
441
11197
4698
1423
10329
9863
1216
7852
9359
11574
11847
790
13293
13505
2268
4790
1418
13615
2151
709
5764
8139
5899
3544
4873
3855
1945
6221
8884
11349
4411
5665
3644
10187
1267
2425
4468
4352
8941
4817
6871
10656
4448
547
6783
4176
1617
6596
14115
11208
3910
1892
6160
11937
6527
4888
9914
11748
2489
3778
6533
168
13136
7206
4110
6855
10833
3798
10774
5947
4497
12061
9525
10092
4157
4591
41
13468
12313
6404
11143
11766
390
3655
12343
5541
144
10725
6344
5534
5527
3933
10473
1364
14811
6978
5280
11999
12437
7711
4519
12574
11372
9706
2009
9231
10897
12231
1105
14085
3314
6992
10443
4925
13787
13658
3404
8377
14121
12877
14885
11536
9229
4154
12884
12311
6340
6769
12224
14611
3119
5395
4901
6435
10882
5940
5500
7366
13705
5346
9947
947
13172
4695
11408
2684
3646
8803
10609
4974
6244
860
9370
5427
14660
12342
11836
5136
5606
8085
6938
3357
13036
10796
2975
6656
7531
13766
9832
4470
11568
11575
9822
11659
2779
6604
2371
7929
12416
11790
8046
13859
7807
10849
861
11123
295
558
9919
11240
11783
9928
8966
14444
1913
6841
13555
7260
12302
12284
9939
13177
4401
14143
11727
11026
1297
6859
863
2998
7527
14835
13495
10973
14013
2262
7999
5624
14173
9825
8526
8676
2658
12366
1609
14219
9960
12680
9680
904
7697
13276
9392
12872
14129
1592
1529
1581
12820
8336
12146
725
12881
3270
1867
9586
12803
14011
2545
5458
2316
14227
14455
14619
773
5915
2466
10002
14911
933
1005
13603
7167
5199
10316
7840
2962
9604
874
10373
14181
2744
3571
6450
8378
8161
1760
6731
10546
11863
2053
11169
14583
14275
10465
3734
12784
14390
15000
43
11566
7005
14510
7699
1686
8920
9172
13927
2679
13655
14556
356
724
1168
2909
13007
10331
967
7622
866
13004
9289
1984
11006
3415
3465
5491
8827
1451
11690
14693
2455
5629
2433
3248
11657
13203
13
12147
2806
13239
12859
2229
3267
14319
1587
610
14322
5545
13732
12110
1376
10264
10992
4786
14832
3098
14828
3701
4248
12409
2308
7692
6121
1635
13673
11226
9710
13972
3667
335
5886
7345
12530
6828
3311
14691
3063
10455
14356
3811
13504
7091
14622
4442
14623
1914
6683
4180
9117
10600
10436
14914
185
10088
11586
10952
7810
6069
10140
2614
5367
11426
7393
12240
14339
7401
7515
6843
7429
170
3561
9451
6705
3998
4046
4593
9349
9437
1827
14901
8994
7806
7951
4187
2167
11862
11134
3510
11032
4621
510
14795
8726
3392
10290
4781
10714
5513
7347
14165
10320
2099
13699
1688
5918
5322
8885
3603
6965
9002
6201
1254
4753
6860
11313
11598
8805
1020
7007
80
6088
5174
4890
11557
1746
14292
4581
11924
2592
9019
14187
9271
6352
6916
3192
4768
11640
12854
9331
11619
4746
1958
10960
14638
11698
11563
7743
10090
2715
9145
4989
14925
7020
4654
8202
207
13339
7316
833
4501
12236
8856
2871
1514
2515
6684
1268
7474
4913
14675
7693
5306
10175
8278
506
6748
7568
11736
2499
8233
3072
9908
10890
4291
3586
367
7272
8220
9204
11069
5146
12871
7707
5468
7781
9887
6257
3327
1432
159
1747
9810
12601
645
12215
1459
10913
7266
3321
6540
14458
8582
14447
1573
11973
14561
5853
3980
7243
13062
1810
5810
95
13812
12419
7126
4380
8601
8523
14102
6413
12610
10351
13463
2964
5956
6926
13003
94
4560
10099
9902
6032
5243
10330
9408
2326
2953
13541
10345
6405
3369
4373
2546
9614
11965
14206
9941
7817
6320
8558
7027
4995
14798
5358
4050
4479
8652
13864
8977
7281
13876
13714
12713
14522
2477
831
9987
325
4719
7365
8145
4409
14701
9757
6644
8769
452
11665
14130
7549
14328
13761
11013
3637
3601
698
13702
14528
14610
1600
12084
376
10645
11049
10113
12169
12620
10620
1044
6434
9434
3639
11278
10539
10291
9580
1652
8052
9722
293
8877
5201
7390
13525
6875
490
4128
75
1608
997
12761
1092
8073
8529
3936
13006
3707
7236
8913
10580
10130
871
5648
3752
7500
14988
11943
14499
6475
12310
1568
10522
13553
5235
5743
4914
12374
14839
6918
8893
11073
10382
2541
6283
12058
7017
13397
10509
6865
14212
42
13144
10066
14283
2791
527
4044
269
2
1623
6692
4980
13886
394
1764
13764
13217
11231
8872
9367
5114
10878
8857
10831
3754
8186
14228
12413
2948
11606
141
5109
12423
7593
14494
8534
9966
10676
9018
268
6804
2045
13184
9601
2804
13484
8624
6622
6569
10102
11461
14730
12845
14020
2299
411
583
203
1334
13409
13408
4363
3560
9264
2109
6236
6446
11716
9134
4297
3952
8069
14089
6285
4942
9897
3300
10418
12942
9548
6826
3040
12108
13240
9166
1896
783
6267
340
5428
12349
2581
11496
9267
7376
7139
11543
2599
9697
2777
11893
12344
12057
2056
8887
6147
12604
5285
745
13916
440
1449
3482
3240
8127
6463
2086
960
5660
7407
1651
5791
6173
2331
10706
8307
3908
11637
4133
369
14697
4344
2814
7062
13207
9759
8673
4266
13290
13236
4709
10307
10752
759
7926
10631
1089
3276
8432
2124
3022
314
7499
1857
11837
11015
6898
11578
3075
11080
3284
6071
14062
8546
10185
10203
6572
10003
3401
7556
11866
17
1557
12542
9808
8018
9346
5277
1337
308
14461
3373
12641
2994
2482
10341
11634
2071
14878
6666
3060
12106
13939
3424
6761
3505
5190
2372
4711
7109
7490
5647
10301
9744
347
3244
6600
8013
10837
10333
4204
6480
12617
13329
6737
7656
1356
14025
7990
13235
13913
1390
3376
3127
7249
4382
11878
7036
463
2687
8895
4319
12501
11025
9892
12040
13210
10565
7225
10173
11337
11754
14428
14752
5501
3815
12648
3741
2048
12830
10733
11376
13181
1299
2917
10286
14331
6726
11885
7450
4361
11102
5549
8481
8365
2022
13106
12198
11710
8339
6544
1582
11963
13775
4486
4812
8719
6558
13012
8953
10219
11146
8346
1106
8398
1255
12090
14294
747
2976
13650
9778
1475
9297
8289
3132
9669
337
6200
5594
3259
11383
10640
4565
9246
272
10728
9590
5390
11786
10757
10182
6370
3021
2966
5155
8293
1399
3961
8112
4241
12752
4936
143
7890
3939
6732
6641
8891
5157
12418
2007
2509
665
12129
9516
13986
12095
8760
7067
6042
8608
6870
1151
6387
341
7794
2138
13712
14705
1405
8236
11527
7940
9274
7187
11713
11961
5604
3035
11684
7138
6758
4652
9110
4889
4935
1386
8868
3121
9777
2462
14567
1437
1953
10392
13976
6597
4493
2723
778
12428
792
6306
10803
9133
245
11753
5209
913
2121
14407
12533
7635
8424
10884
644
6508
12068
9500
4672
9413
4762
3929
3502
5379
11103
9410
11850
14441
8106
1317
14695
8754
10666
5963
7001
14267
3246
7791
1073
8179
737
7094
779
3804
13411
9426
13204
7487
5265
8217
3868
13096
10781
10699
14316
7737
9942
6406
9533
945
5074
13508
5134
195
9882
2590
10975
14555
8542
53
6066
5036
13621
3103
6614
4645
6373
11646
14861
9784
10511
10550
2549
767
4839
13735
2979
7133
2810
2815
7502
12822
14372
3559
8840
2305
6401
10553
10343
6521
233
5056
4369
10692
14893
6022
11795
2649
14398
14021
2365
47
635
8446
430
10344
964
11485
5681
6548
13155
1610
2950
3568
6510
7131
6036
9877
9895
3684
10814
7430
13595
5301
4811
10089
7785
1910
5071
8244
12128
8045
6076
10493
12590
10504
10191
5220
14188
5861
1804
9878
7826
14453
6172
11702
1547
3882
8096
7153
2513
4829
4617
11944
7643
8861
8653
13228
9626
959
12348
6455
10248
1355
2103
6423
8351
11163
5689
7508
7449
14281
9201
5101
10766
499
6714
10222
4496
14397
8409
11442
7981
11302
5044
12666
10612
12176
14424
2742
14873
12630
5944
1232
3396
3927
7064
555
7662
7303
11114
7324
156
3003
14582
10167
14942
13957
14751
6502
13758
4656
7184
13360
401
3160
5230
2437
13130
76
8350
11175
6519
7506
10342
10299
9215
10695
12991
13994
7802
6338
10327
13669
7804
4707
10716
1371
12622
870
14515
14218
925
3826
7150
1163
297
10519
10745
14401
6183
12340
2652
7524
13586
10817
2575
13401
786
598
4155
14508
12729
12912
5250
949
4063
4699
11463
14867
6307
4029
12150
13602
12360
1994
6825
13200
14078
9893
14692
7547
1400
6848
4678
12531
2141
11276
280
6752
5352
11217
4837
3604
7828
9855
3194
13165
8672
9474
859
7883
14440
6223
9925
12229
9528
7671
3643
10252
9216
2510
12883
14313
2688
5403
11330
5166
9929
5625
6535
1187
1041
5187
2716
416
7859
1370
8972
4284
9546
4335
10335
7228
13370
4673
6020
7351
12658
6024
12438
2093
6602
7343
3726
7985
113
6117
3099
13860
3681
4819
13488
4169
4609
4096
2795
13345
12080
1043
2816
450
3931
6545
10536
11769
13612
8228
5371
4646
1723
10991
5232
4041
8285
6910
11323
8761
11002
14965
12362
715
1662
2342
14479
8379
3524
14357
1415
13405
8510
12499
13571
484
7931
9449
6138
11614
1654
2707
6511
603
540
7023
3232
10096
9142
3647
5873
4688
3765
9819
4809
6829
10899
14600
2222
9014
4589
7174
8275
11726
10672
9741
4081
12183
6358
9867
650
10534
358
10830
1641
6888
10057
9889
7653
3771
12831
396
8744
12074
972
13156
11108
375
10384
4142
8004
1218
2243
8837
10528
1793
8181
10916
11663
6571
5486
9541
12950
14868
9074
6688
4892
3387
13049
8064
9419
12593
1585
11265
11751
46
1768
11773
6408
14613
10778
9211
10315
13023
13346
7074
10595
12556
12769
8418
3136
2184
1736
9046
4247
7563
8303
5139
1724
3389
13072
12557
12487
10893
7906
14930
14236
1844
78
12933
7021
8562
11075
7526
5443
2708
4956
12293
4413
13353
13907
12706
14733
3107
5364
7751
11454
4390
238
1947
3184
8907
4857
7188
1019
3349
9511
14176
160
12296
11674
905
1413
11730
9291
8860
6286
2131
4311
8242
5651
1032
12996
9628
11853
2397
5389
3996
8469
7753
2949
1604
7425
5426
1489
4356
13315
3117
9279
6771
13510
498
5331
10272
3629
5926
7235
318
10303
11425
2364
1517
6040
8553
1933
14910
7213
4162
9317
3800
502
10366
11570
377
1331
9341
14896
3747
13150
13905
5073
9551
11910
6000
2636
6474
5479
7315
11923
7983
13191
12247
10469
1070
13428
700
12096
3694
14487
14454
1350
3190
9325
661
14998
13474
1304
3461
10108
4868
9657
1677
515
8049
3722
8820
5388
7212
9484
9315
12649
14743
12504
5091
14614
3875
9727
10438
6311
12815
13984
10499
12981
10557
12594
2263
12314
14452
2085
8859
4926
13883
5126
5372
4886
3904
1345
12210
5762
12361
112
2834
981
11009
5851
14748
5293
5515
2318
10227
5176
2029
12805
2710
7046
206
3576
12701
9787
12738
8281
14333
2070
4177
5133
2974
9038
7795
9733
6556
5892
3839
5466
4986
3162
14186
10683
2189
3803
10332
11564
10134
6328
1417
5931
13379
5838
11719
3000
7238
9802
1396
1193
1596
3399
10541
5245
6700
14766
3200
6240
9748
3660
10186
3477
770
2577
5465
1941
9113
2240
10190
1754
5084
4881
11325
7305
10945
8916
7730
3313
13635
12686
4037
8992
2554
13166
3677
12141
5496
3442
6276
7061
9873
14347
11688
6725
2931
1612
4677
2004
9398
8341
5318
6247
6293
8477
13305
2290
10300
9372
7716
1368
6012
7956
9078
4235
14343
2637
10069
12607
1513
7385
6150
6134
12637
1961
13609
2881
10008
10667
8337
536
2114
10386
9704
4923
14715
5919
5902
3737
1770
11903
6607
5437
955
6643
10569
258
5023
12334
4921
11011
9261
13806
9090
2819
14958
14002
7818
10294
8218
1919
4546
8660
854
2406
3657
10289
5600
152
1816
12520
14577
9804
6927
8734
1664
7113
14779
6135
13410
9176
6757
14554
10765
4657
8348
8213
7921
4970
9445
9737
4810
13867
392
6849
546
5482
14014
13108
11421
12299
2127
5938
3218
9790
12971
6701
3914
4095
6712
266
13614
9464
10494
14669
3178
12685
1180
11779
798
49
11166
3141
1791
5711
14309
6629
4109
11126
8243
1616
14258
13479
5050
7370
10577
8425
1158
2102
12482
7
366
9152
10106
14261
14970
1939
10448
3522
4849
3851
4388
12382
5161
11711
3783
14671
12906
3825
13382
12663
9170
3540
5047
7024
8789
5543
12943
6164
9772
6961
4805
6176
4093
7493
14164
14710
1284
7600
13575
12696
5847
5800
8503
5999
5462
1889
1324
7116
1758
6695
12188
12980
8057
9487
5089
14144
1402
2286
11251
14271
13898
342
1689
3598
1274
11641
12832
12043
9868
11839
14226
8083
14257
4491
13266
9964
4166
4620
350
5768
3371
2870
3566
827
5013
10114
8650
11133
8197
9975
5610
7143
12921
9512
10840
8556
3986
7841
11552
2846
12014
7510
8300
364
14445
5128
7829
13404
11312
5984
7142
14059
9493
2734
4499
4567
6026
11870
9376
3395
14430
6710
10153
968
4304
6624
4276
382
2841
3539
10936
14330
3799
9896
14489
353
13414
14860
4992
7967
8407
7387
8376
3027
12726
8578
9529
1740
13872
8811
6167
14451
10537
6549
8706
13464
36
9823
7962
601
13490
12642
12177
14864
4108
5686
10751
587
1002
14618
560
14243
12119
14593
2145
13937
2844
13891
8036
7353
9527
4848
2646
6137
12606
10497
6937
2046
7624
4626
14981
6686
9679
2426
6403
776
10809
83
9985
7190
596
14678
13691
10245
12371
8176
12767
12457
9144
4000
5863
4283
5020
227
12967
2441
2040
11125
1502
1072
10355
13923
8389
621
2725
13569
14831
7626
896
6331
14544
2419
4417
7631
12546
2176
2506
10238
6119
9776
13008
3024
4086
7948
7362
5072
11899
8623
3926
11202
9004
14838
3384
1328
3557
2539
10365
4251
6143
8668
8731
13432
7892
448
3156
9709
607
14362
9330
8109
7454
12260
3670
3416
40
3290
6144
7613
5087
2012
14128
2625
9723
1269
3269
6897
11607
11817
2752
13067
5309
2847
8190
1992
9711
11955
2398
4424
11089
5412
2915
1829
9568
538
4864
5290
2241
7558
11432
4084
9135
11562
7073
5271
4945
4803
13533
3829
13572
7605
2129
9826
10719
8574
11894
14747
5498
13255
8382
10047
4644
8137
12867
4660
13167
69
5790
286
961
6198
291
5224
8934
205
9648
3478
7488
4150
6332
12737
13513
13190
7606
9909
7870
1483
12861
8467
13198
10516
2906
12044
5759
10618
3866
1325
6755
11388
619
6662
4954
8564
97
5712
4160
7276
3919
2798
12879
6219
5434
5141
9682
1948
9467
7680
1676
1908
3712
8629
7283
9171
13476
2317
5964
14573
6063
12640
10963
14639
5971
5575
4975
1824
2010
22
10458
11311
3073
3786
7668
11957
1314
6788
3083
8095
4554
3905
14540
13690
1200
12384
13503
4089
3680
14645
10571
2246
858
9154
9581
2988
14094
10941
11491
12397
11808
2149
10313
3467
7352
11154
1692
8214
8944
12083
4916
7909
13182
2704
1518
884
1655
2672
14016
10586
9379
1755
4594
2089
5741
5297
5691
13511
9924
8309
14606
6837
305
14278
14488
851
2304
2242
2254
7505
13661
14264
2279
304
3503
31
3342
10200
5885
12587
4490
9699
13045
3256
13109
14412
869
1562
8041
6486
7226
10225
7279
11728
12358
7302
4979
8282
7675
6174
6555
684
2069
12339
7986
7717
9764
4105
3495
4270
7105
4596
13434
9460
5229
12471
10880
14204
8986
12924
9012
6953
12825
10648
6931
6738
13343
4529
1430
14389
5613
7704
14310
14759
653
13672
10877
3324
50
13694
8555
10477
11020
11018
4830
2683
1389
8547
9189
3189
11012
1282
6194
13187
6713
11462
8865
9126
6348
1733
11027
2077
14547
13662
13078
13624
8033
10947
11396
10574
8822
10741
13394
3678
12614
11682
617
2400
4813
10202
8287
14122
2893
4051
2324
640
8644
5052
14141
2358
12856
7886
393
763
5034
4329
10785
471
6415
1759
13520
8736
5137
11681
7495
10881
11888
10868
7878
8870
1904
7434
5829
4406
7072
2272
5966
3982
14017
12599
5288
12153
13518
3333
8796
2944
10918
389
5484
4780
495
252
13674
12958
2165
8945
812
12975
8296
12433
208
9234
4058
10567
8302
6985
8437
5694
9266
1704
1621
1446
8908
12919
8765
611
11019
12476
4316
2737
12750
9803
1178
1411
9061
9324
2373
120
13417
7539
4147
478
7868
10889
8783
765
7649
12851
13254
3758
2108
12858
482
10371
8773
7294
13578
11232
4671
14652
2185
9202
1875
2013
8035
9245
7576
6959
2913
11284
2738
8185
501
4841
7596
12497
4623
11164
12468
10892
14174
11304
9640
4663
5583
6303
2669
13559
10326
4440
1865
10378
6225
13287
12510
2024
6538
14300
5310
11997
9385
11044
3795
8252
4231
13832
14551
6663
13894
4364
8605
6377
5532
14875
13322
7759
1076
7705
13118
8010
1276
6017
6399
3556
6335
8703
6790
9423
10453
13605
4858
7433
8711
13475
8554
5305
9792
6612
14946
8508
5260
14071
657
9613
6232
312
1479
8246
6433
12270
6146
10015
12949
1601
2568
12002
6254
3528
8125
2122
3358
4296
3511
2929
8983
2169
912
14847
14662
4054
6658
4421
881
2827
14082
8117
181
4472
3049
8104
14000
13596
14136
9518
11556
3850
11624
7691
7406
11664
14351
14051
6058
932
13545
1366
9441
8846
12816
10273
3906
14320
5507
13466
7532
2225
13530
8221
5381
8924
14304
12207
7873
4336
8380
2615
2921
13969
2666
14601
5323
11174
8349
616
13385
6006
11482
3649
3056
781
5990
12466
8786
9569
9721
10688
14628
14564
10152
5236
1525
7848
1309
7056
8919
13348
12654
2172
14849
14904
4282
2678
6537
11633
10183
3066
1580
11622
516
1010
5356
3690
13242
3346
13924
12936
6048
1687
3959
10137
8121
14940
8751
8470
12491
10159
8882
9079
8561
11797
2641
2424
5930
5188
6947
8878
7008
14818
1982
7943
244
2191
13808
14837
344
14575
3930
12931
815
14589
14666
10589
13641
2006
8683
13161
6631
10764
12779
14668
3892
9921
7095
5249
1780
8935
5353
10125
9684
6650
7667
6245
14200
12844
11723
7090
8173
486
2284
4551
3433
413
2553
9861
13391
4035
13174
4963
3947
197
5242
12252
2799
8098
102
14917
10411
12795
9312
5218
7789
4852
11906
8909
13776
10189
14374
5738
12180
1578
5239
11533
4143
12461
975
2196
11915
1776
3074
11831
13956
7930
3592
14092
9302
10845
3893
2565
3459
11192
1129
4158
7792
8390
7476
1795
8352
3105
12259
12762
12955
3142
10568
8552
5369
11457
2116
811
7679
12998
6313
5302
11326
301
4298
8319
10876
8435
3222
5601
14888
10319
12986
12920
4267
10110
10895
8499
3388
6113
10879
13439
4365
615
8896
125
927
2992
3034
14285
6021
8815
3464
8119
8776
3080
8082
10761
14524
7480
1515
12470
9758
12743
10321
2632
6976
9247
446
279
6086
1898
14562
14585
2746
12754
10010
4918
14170
4324
9647
7219
8793
14145
3613
6300
8189
5669
14532
6979
5749
8014
4535
12739
12987
4632
5154
6428
11897
11611
2055
14819
135
7375
9842
12513
6528
5884
8128
9596
14808
1833
3209
7252
5419
14777
13205
3500
6633
2560
3831
7827
10994
12583
6052
6812
2530
2984
362
8111
7602
12700
879
10253
14405
7159
12547
1769
13509
10226
2325
12381
2602
6995
8906
6983
6262
14276
465
12552
3116
13264
630
355
2205
12650
7590
13086
10641
1438
8154
1466
10235
13617
5688
285
13178
6013
11329
1561
14732
11392
7035
2552
8322
10340
4034
10800
12623
8903
6803
2036
8759
1149
14084
4530
5798
14041
5060
5928
6543
12659
3455
8132
5748
2694
6817
1468
14416
3903
11771
9967
1893
7698
11978
11373
2927
10850
11694
2612
3377
5517
2255
3221
5423
13101
8569
10594
14270
911
9327
6892
6390
3492
1653
3113
6764
9620
3431
10717
11173
8566
7728
14415
11909
10917
11367
1107
1741
12228
9899
9588
10681
3621
5623
121
14182
9207
12684
13963
12237
5615
287
6005
3403
13301
14771
12561
1286
3562
2307
6723
9910
1229
12947
13151
12017
6491
14411
3740
5954
14385
4064
12448
14803
7400
9009
14077
10328
10117
2333
199
12560
1412
9796
13785
7520
3412
9627
12714
3907
10787
11995
1291
5562
12551
3860
1320
11068
2226
11841
3909
3332
14829
571
1022
6813
3661
10869
14714
423
14138
5935
758
12209
11689
2073
14485
14377
4590
3186
12391
10147
10166
7572
9771
1341
4680
8657
3302
11328
1038
4755
12075
6495
1100
917
10059
9226
3683
12506
14260
9612
3147
9017
12775
9874
10287
11151
13302
1715
3341
11752
2542
5850
10083
6309
524
9461
2919
14810
7529
14325
14620
2288
6681
7247
14437
9515
4148
13272
3551
7732
5480
7936
8059
8306
98
7084
12747
2416
5241
8749
6960
3842
13498
12973
14388
10098
11078
9575
5470
7608
804
8996
7356
3350
12369
9587
9125
11801
1318
7998
12346
4331
1731
12744
5001
4040
939
6766
782
13711
988
13616
7739
8222
8949
1749
8426
5058
4648
7979
4939
7888
12569
9589
11391
14776
11475
14367
10201
704
3668
8640
5120
13613
13269
7359
8489
2464
613
357
10
1333
1427
7089
6785
6482
2630
12094
13005
9674
5451
12909
887
7538
5431
5677
12178
3174
2379
1936
10598
9726
10148
7766
5090
6651
6454
1991
13566
8175
6823
14753
4480
7876
14711
3059
7591
10763
11286
14263
11818
8603
1114
1765
14079
12746
6925
14804
902
552
6880
11800
8265
7580
2412
9660
2993
11678
1204
7253
4184
9570
12807
2273
11722
6523
900
12870
11980
2759
9453
4877
862
11118
12539
9103
14791
6505
12862
8823
7277
12285
4025
6566
9562
9607
1289
3817
2162
1831
11768
7523
3493
1164
7625
13497
7663
5903
5834
5649
9462
61
4984
1343
12301
10621
3530
14087
10974
5765
5799
14214
14923
4612
7767
13154
11916
7337
386
1323
8268
8533
9779
11814
5804
3033
4261
14580
14148
379
3241
14825
4464
3656
12488
1622
12983
14793
7669
591
11100
10783
11692
2912
1026
5439
12327
12978
12582
1541
8320
2483
14172
11834
11282
14987
9063
13646
13374
14592
8474
11170
5213
6487
9989
12483
3472
3808
11014
11219
11717
12567
11183
10358
8063
13244
259
12527
4686
343
1008
13271
9641
9047
13988
14713
6777
14566
3675
4487
7361
6753
8150
8809
13547
5621
7119
11741
9371
5291
2213
6919
3316
13094
2524
7398
9837
1620
10006
6447
8366
1039
13263
14259
5202
5582
8951
10412
14962
7069
12390
9476
6277
12911
12092
4257
2897
6097
5722
1926
6242
10829
3859
1866
11057
11577
521
6765
8131
14935
1124
4332
5386
4449
10927
10151
11677
5724
7292
626
11364
11982
1275
4783
3012
6496
11403
7648
8888
10161
13820
14196
543
2561
6971
12171
14538
10484
11235
561
6861
4372
10530
7879
6098
4185
13567
8540
14813
59
9667
2190
13083
10502
13270
1730
14146
5752
3963
14684
7902
5611
7945
585
13162
9854
6621
8043
9308
3280
5027
6920
801
3899
1763
6422
11124
8770
12024
3023
4446
479
11620
5042
3832
8093
1663
10638
5776
13247
695
1938
2463
6019
10434
10188
6400
11309
10325
969
13224
9531
14282
13093
3796
13654
5698
6168
5794
2497
3193
1920
11203
8373
2168
13147
4603
12841
6376
4149
464
5576
403
11506
2465
1421
9821
10932
5317
14736
11099
12853
13800
2216
592
6028
7348
372
5088
1101
3437
7025
6235
7530
134
8900
14746
12109
10906
2170
9509
14287
4985
11724
4254
6557
126
1142
13640
8363
12130
338
1145
8918
12042
12682
5568
1565
12305
837
1271
6046
7070
5068
10285
9965
14161
1711
13248
12402
12732
7977
12142
9153
1848
13261
4552
2247
10590
13945
5976
8854
5855
7877
7209
3964
5132
14341
14221
14135
14936
557
11956
55
10404
2383
5622
3672
6278
12683
5911
7103
11394
4474
106
2500
12536
3692
7772
7769
3580
8487
11615
1281
11654
9672
492
4659
2808
4289
4073
13825
8062
7409
10739
711
4712
11960
864
6873
3605
3632
10779
10573
12414
4867
1742
12543
6601
1940
8784
5827
10178
722
2287
5118
12353
6149
13222
8223
11281
2204
3782
7988
10722
12054
6409
6145
13211
1905
12934
8915
10397
9769
7573
6833
13979
11921
5753
3360
9105
2527
7805
7492
12289
13824
9000
13053
410
11132
91
6130
13403
7237
8527
528
4475
3993
9404
2934
4665
4229
13099
9829
9150
7473
14704
1093
701
4033
7003
5843
14726
4799
13043
3145
6580
3026
3266
3158
10972
14767
9664
3609
7814
7032
6365
13774
8254
9557
11975
12522
14106
9618
14696
8347
11160
9114
8047
4181
14869
9901
1818
8709
978
2230
8572
3923
5883
8003
8006
8959
873
4047
4600
9354
10660
9358
8403
5191
8497
3858
1477
11532
3659
13362
4399
11368
5005
9724
9024
12646
3408
4400
4687
13037
9418
5206
1249
2547
4023
5695
8009
12203
13340
5337
11144
12272
1265
9833
2868
4764
4333
12036
13946
8251
10562
12307
14548
8444
4461
12081
8981
8002
10495
6384
9008
8344
11500
2690
2996
2407
13959
9856
3581
2889
6814
11370
14266
10701
6080
3590
10958
7060
9034
5488
11185
10416
4305
10007
1139
105
7963
62
2380
11150
1182
5760
9469
9048
10938
4793
4941
14928
10456
3191
12143
5032
3942
10247
3575
1778
10924
10362
14552
897
743
4964
5370
5104
12965
4977
1798
8661
14836
8599
11334
8677
9860
6237
11484
11911
1648
7183
13630
2218
3572
6253
14902
4512
10715
5165
4488
1971
7267
14471
9916
4138
7790
8051
9421
2309
8235
10615
7601
12507
7384
4228
10802
14907
9260
13932
9006
3819
5472
12691
12809
7461
12451
7192
11939
6479
14918
12609
10838
13619
7901
10199
13577
14621
7264
477
5481
1211
4397
13676
4079
12062
4855
4564
2245
10385
629
13317
1668
10084
2939
4426
226
6819
13378
6246
13991
3788
11471
3031
14391
7128
14003
7097
8200
11788
7050
5735
9132
2754
6182
11523
10054
13585
574
14480
11434
8280
6207
3153
4484
9041
2388
8727
14850
9088
5536
2680
3110
5994
6515
12553
10427
6945
12253
1036
9182
10919
13935
3611
7127
11398
9162
1845
12071
4510
1575
2529
14192
9953
9311
6943
9401
12661
9288
2622
13660
223
6393
12534
13164
2115
13767
13252
9603
11458
4976
1279
7010
4341
5008
11765
7944
9713
11645
7459
9366
10444
13869
30
9414
3727
7947
3871
3673
8614
7066
814
11851
5554
5069
11319
2853
6210
3706
9361
918
7666
6802
10788
3042
9085
4088
1878
726
8735
6594
12213
12849
14650
14651
11223
4392
11534
6905
9815
14604
8559
4436
1767
14501
8568
7182
14990
1512
72
5244
1239
6483
8625
8831
931
9031
2722
10548
9253
6857
8708
13679
14512
13087
5237
2094
10230
3583
3623
1360
5340
3050
13649
14546
9675
14560
14067
14387
1900
5455
7331
11195
5053
11063
9285
14265
7809
8034
110
1122
9691
8196
14887
2505
1374
12699
12540
10512
13398
10979
4394
6261
7677
6874
5348
316
3883
13048
4948
3260
11950
2174
576
1646
7099
5016
12718
3546
8938
4213
2660
8396
11469
3140
3086
3579
12956
7542
4658
1435
9383
11465
2059
5596
7496
12422
12070
14792
5744
12356
13334
1779
9915
2874
6559
1837
13186
8750
7595
11918
249
13777
14425
9447
2896
7256
8413
9210
3471
234
13020
12999
13052
334
13638
12206
12026
6973
2083
12847
13388
1627
7380
11758
12826
13331
7934
3519
542
9885
1852
8331
8843
14991
10261
6554
4548
11775
11081
14973
1017
2157
5655
13554
12403
10184
2377
9716
2936
10990
2877
11985
12456
5525
7198
8060
12974
5014
3548
3331
12808
9651
9978
3305
1419
5030
3294
14845
5450
180
10164
7740
4588
5597
13122
903
11675
6282
2911
6924
1530
5396
11242
8371
13260
13877
9574
5821
10626
14506
3761
9250
2673
7419
4379
14581
13836
6882
6325
3886
1244
13814
2696
5043
9720
14542
11931
7706
4441
7566
167
2995
3896
3386
7431
2901
13214
13689
8963
4337
12566
12810
8311
6290
4618
13081
13762
5168
13584
14225
12788
9268
6025
11371
10696
9872
8516
5476
8988
10866
8576
8195
13457
1057
6497
6372
7011
8237
2969
4696
4249
14846
7019
2414
7694
8615
9273
7718
14558
4779
2595
12112
3235
8007
7881
8748
11318
13055
420
3852
7991
12049
13854
3372
13040
8656
6458
6410
6966
835
8729
13141
1979
6227
2107
14663
5528
1074
13741
7652
6724
10888
2478
4869
7900
14775
14699
12395
2662
5124
4998
13966
899
5494
9693
5110
1098
9255
1522
5311
6677
7185
10439
10391
13029
11361
10703
539
10587
3574
10065
9082
12126
4987
12777
7928
14086
7443
609
2650
5757
12100
2044
3400
1781
2564
13871
2427
3448
10218
2933
8525
13535
11007
8157
6956
3617
4199
4597
7971
8768
839
9026
9600
9859
12430
10011
6103
3029
13443
11092
13944
52
13592
3773
8845
14969
2833
9785
966
7955
8178
468
7465
3806
9995
6707
1993
3779
10229
10934
4136
7674
3507
330
8902
10944
13380
11456
153
10950
1999
10914
9572
7341
13422
9193
6671
1542
1228
387
10145
844
3780
10759
12405
10094
5378
8024
4024
13604
7592
1321
12023
6197
10985
4002
5119
10794
11225
2618
8255
6288
12939
817
1899
10492
2359
12573
4408
6911
9217
9522
5845
10021
9496
9073
8231
9755
9283
7045
4619
7575
11781
2771
9129
849
3317
5185
5059
5511
1410
13562
7567
10496
12286
11855
2903
3052
11429
13330
10585
7582
10072
1696
2005
12751
13016
10689
9544
13730
3650
3486
5100
1235
9800
10860
10268
953
13978
13295
4806
5560
2525
10406
7268
13901
10970
3154
2461
6068
3159
4216
7497
7022
3898
12091
13489
9252
11970
14576
3322
6768
559
9649
6708
13243
12584
494
371
7278
4190
9032
10858
5893
11798
13127
1225
3362
5569
3631
11761
5393
9766
3458
14241
3693
12766
6547
4981
4739
12377
13818
9249
10359
926
1000
443
7363
14877
10176
8416
9911
13496
6039
3247
7180
12459
3846
9781
14588
2699
8383
11378
11362
8053
14037
2776
3768
2978
2436
11647
8433
4732
8696
6112
11148
4056
5341
11261
4978
14402
139
10017
4930
12674
9658
8990
13146
14386
4578
3889
3920
7230
3938
13168
5684
1018
2982
7146
12330
14687
11440
5656
12269
9752
9494
8387
11992
8274
14784
13103
4205
8166
1055
14943
14944
7816
9200
7511
2038
12660
4243
11256
2518
14274
11221
1203
9224
7893
2983
5186
3628
3891
4670
1888
10635
14698
8835
872
998
111
694
4862
283
957
8980
9335
632
532
4720
7654
11017
3552
6694
12596
730
2399
11097
4843
3641
13047
1560
8259
5901
4008
8841
9326
261
3880
12860
13126
8565
10510
3733
10596
9065
12516
10744
4865
7102
3848
6364
6586
12537
1021
11833
14442
7204
5414
2914
13632
4455
182
1636
853
13875
2180
1238
13396
3589
14022
11747
4527
3714
14057
11021
2401
13805
8814
3626
7682
12000
11140
4897
2018
1761
5266
179
7203
11672
7612
9178
5714
3553
3010
4661
14120
6389
4167
14493
8600
11656
6440
4445
5897
3476
14745
12782
5587
2786
6520
4937
5878
3648
2091
11412
123
1120
4485
1048
1012
1891
3134
5373
12392
14220
11495
14474
14217
4281
6155
3185
11094
6356
8720
2163
11181
12204
4758
4144
254
14500
9242
3652
13522
3150
3509
11623
2219
1757
2386
12218
10737
9917
6120
10266
3995
3958
11101
4550
1461
14665
442
2823
12047
12829
7304
9278
7961
10128
10408
12959
6336
6876
4871
10409
2444
9442
9416
9106
4258
3569
12462
5179
2562
9846
6687
10001
5914
10116
13359
7825
8732
10086
9022
7262
13080
10898
14563
8316
2097
13936
6053
10462
2199
9705
553
14763
14979
9195
3463
11255
4347
11444
1577
7466
1935
11205
649
3512
11008
9681
14498
4300
2876
13426
8801
14536
13028
5889
8000
359
10937
7338
10197
12170
8987
6153
4307
6763
8828
1709
2886
13521
6380
13319
6234
11991
2079
177
9816
13286
2000
2297
13845
13347
5777
2526
12038
14098
7083
3756
6727
12222
9848
9788
7914
10949
4080
3351
2516
6105
3974
1220
10607
9353
710
13815
1056
6142
10861
1040
14830
14380
11632
13383
13769
2166
3764
9801
8982
4113
12181
6887
6635
11511
1467
4135
3426
7503
11703
11660
6349
3729
6065
11501
13873
3567
13042
12840
14152
7240
11198
4721
1406
14124
6256
12528
893
5803
4730
1241
10959
1912
13856
11294
7322
4905
10322
11616
11399
11436
14030
12157
7306
2634
706
9270
9345
13456
780
2824
2981
11314
11852
11244
3449
10552
14739
4513
3228
1680
7997
1033
7894
8152
6185
2654
9213
13570
5400
4734
1189
3279
13698
7313
9554
13318
1959
8641
3983
8899
4899
12812
1813
11737
8739
6664
9259
7420
10142
664
5324
7837
10592
2743
5584
6791
1001
9070
13131
4004
6202
3997
1719
4121
13076
4647
2922
10107
2820
4393
11363
404
4715
5329
4233
8967
10035
2320
9173
10772
1087
7885
12578
14095
13551
9025
1930
14073
4840
11199
14882
1923
7082
10784
8159
14817
847
6347
14318
10009
10826
13193
10675
7849
3006
12772
5380
7855
7701
915
5967
10312
11547
934
3195
5996
3148
6275
9701
417
10769
10816
5895
6994
13304
6951
1854
7028
7528
8226
12869
7770
9936
2052
3199
1701
10062
8304
2563
11000
10260
3499
13274
5922
11658
10013
3411
3167
12230
10283
11537
1155
4949
3900
7634
1725
4541
3225
707
14615
7329
138
14248
12889
4222
1458
12420
3745
11259
188
4634
5953
8473
6049
816
13897
9466
10399
2760
9028
760
12819
11036
37
1071
13822
14481
11285
4292
13610
6618
8844
14952
5121
1721
10348
6678
12184
3490
5041
1967
3956
8969
13025
10613
14974
3093
1980
8756
12363
1902
14640
4338
11209
11778
11310
2224
4174
1737
11138
13703
4650
12087
4893
1296
1261
3008
5183
2421
14602
306
712
14716
14523
8342
2192
1955
5144
922
11272
5085
10657
4175
14046
2845
5983
14727
7779
1169
11782
12250
3468
6116
9263
1884
6715
10721
1671
1453
10026
10822
12632
2198
11876
919
5143
2778
13816
7629
4200
2410
14355
10354
13493
4669
12651
8317
5028
1252
4878
7512
11111
5048
9482
14280
9571
2392
8155
7457
3664
11147
2090
4614
10896
7132
13908
3990
5642
3973
13442
1972
8405
6516
14921
2034
7280
2670
7925
6691
9602
6699
10859
6991
8362
13433
2789
14240
2968
5180
13772
1570
4309
12850
1024
8385
590
1555
9696
3196
4123
1488
8567
12710
4503
2970
13358
8258
11317
11794
11052
9428
10160
13921
6912
2349
7096
14326
10394
2171
8617
2179
4566
6958
10460
6854
2692
3751
10426
5194
12138
6577
10561
14718
3999
11095
5382
8764
7895
6131
9952
8583
10087
4515
12383
4744
12799
1312
10661
10566
14473
11898
9954
9277
11460
14519
11308
3911
14719
5002
10079
5742
2432
14108
8305
11250
7896
3979
14311
6659
1729
5079
12792
14863
3155
1931
5871
1821
7137
12379
6292
9064
82
6388
10311
687
5710
6530
1086
5497
13111
6890
14235
3239
2390
13803
821
6653
8369
1508
12265
1706
2110
9805
9393
3039
11951
14541
7402
533
7585
7507
3663
4615
5641
11528
14999
5599
8925
3972
3030
6178
6108
14758
4562
3264
13583
1787
889
1013
5138
10746
3676
14010
8743
7661
8842
10361
8323
2769
8684
8030
11168
716
132
1138
345
1192
9338
4410
4124
8659
14909
14198
8631
11228
7862
9478
9971
14986
13537
5316
3036
3554
4395
11131
3025
7514
8397
14060
9148
1064
9979
9369
6451
1774
4523
13169
3698
5771
10205
6239
4115
10263
1716
71
8169
5299
8324
5349
12545
67
12016
8965
9968
12634
14679
3960
12526
2289
5344
8664
2762
6425
14607
3122
10306
6542
3928
14879
9390
729
2898
12225
2233
4555
2571
4438
6962
6206
658
7295
14972
7058
13120
11279
1628
1894
9690
2128
3319
9342
10588
14840
2271
10395
6952
7194
13629
10980
6923
6075
4770
4908
10109
8889
12562
10156
4866
14960
9839
2423
3359
7222
13201
8044
13218
6721
1851
7995
796
3645
5197
7309
2773
8065
4832
10445
10670
8535
9221
6002
2334
11402
3344
9996
5929
10162
12226
8937
4667
14495
6035
10810
9683
12131
8954
11520
2347
11945
3537
4103
9310
3446
6271
8460
5578
1490
6582
13796
1352
13631
7177
2363
10629
8710
427
10639
1519
4193
14423
12908
4611
7713
6534
541
5667
13449
2319
5793
4816
10421
3620
2111
2681
9446
14789
11038
8513
8192
2536
14023
8595
9849
8261
7899
2332
3857
3427
12745
14052
12715
2784
2181
1734
6588
5184
6782
12151
9429
2702
13321
5980
11764
8471
5254
3253
8681
8970
950
3608
12724
324
9443
3669
749
2378
14760
14550
9686
13192
7107
8687
14056
5217
6396
10284
1605
1712
8357
2354
10377
2878
9595
14178
7932
12359
7004
7122
7771
12097
7318
4704
2267
794
7552
5336
8392
7941
4701
2257
14497
1649
1172
12786
12380
9304
916
6472
11667
4622
10489
9898
7469
13044
3827
10730
13686
9435
4872
3588
10282
11651
10262
14968
6016
10619
9223
8609
2689
4765
12189
231
1618
3822
5283
4547
6679
13780
13257
14492
7958
7029
9945
4713
11958
2842
5524
1607
8833
10135
2693
7120
3513
12748
8114
8571
2943
10052
414
5814
1210
10591
13160
580
3884
12429
5733
9763
5631
3252
13914
11612
14015
10508
3084
572
4170
11599
14608
11493
10828
12577
5062
14232
1822
8434
6645
5521
7587
11135
8177
11297
10278
11812
9055
4453
1968
14112
6346
8933
9870
1745
12929
12938
13637
10682
11821
11755
12297
545
1340
11518
14854
12241
10479
3538
11733
4820
3312
8998
13075
13983
10581
3607
4314
9670
12977
14574
10983
2635
2248
8995
3348
10570
4074
14496
13745
2208
13998
8427
6729
5848
7217
8087
8637
348
2329
2951
11271
8621
8790
2935
12814
2986
204
10422
7297
7831
3101
523
4635
909
1710
1842
7199
9286
6231
6503
1380
8241
10482
13419
12790
10902
7379
7129
3177
5097
7455
11676
8353
9508
3070
14872
8594
5682
7479
6626
12287
3720
247
13720
14153
5092
9845
1177
3213
11268
4999
9850
14781
1815
7462
8622
7845
9356
4729
4883
7358
9828
14634
11039
1303
5248
7959
3125
7216
7110
12124
8042
7468
4947
4340
2761
8940
14116
4789
100
7403
7541
2838
2551
7410
48
554
9812
838
8160
13782
74
7040
13292
2015
271
2173
3743
12134
5558
8465
11902
2656
363
2002
8678
9225
7421
4422
3135
6094
6822
11275
10572
9013
13251
13848
6630
1700
5117
5643
11503
10538
14997
13977
9036
4700
13611
5645
250
1789
1195
13435
6917
1703
7054
8054
264
9820
8479
13471
5308
885
7475
7161
4048
1942
191
1846
10029
11602
14114
5586
13593
4823
4215
1532
328
12843
843
10105
13753
14404
1500
202
6181
5268
7301
9639
8651
1797
10755
1110
12073
4129
10856
12801
13534
7658
1346
10468
5459
1951
2282
9912
14750
13458
13917
4641
12621
6941
9141
3429
9999
13911
13781
11744
14720
11946
14597
13138
2259
14354
5506
1909
2235
9553
3258
1217
4067
14483
12915
8081
5670
4580
11053
14383
11218
7290
6640
6079
10256
9731
5720
11571
5033
1030
13693
4653
10758
6029
10795
848
11706
7954
2818
116
6690
14953
388
11763
1863
3378
1079
5539
3925
10955
14305
4183
2496
214
13851
1206
10051
7446
2144
8699
5227
2675
7875
11993
14891
3835
12667
5238
2627
3173
7960
6599
1598
2859
2200
10138
10396
253
3918
373
1658
12187
9183
12571
2474
1895
8962
12199
6238
5638
13472
3301
5849
11445
2727
734
755
10390
12927
12668
3874
8979
7621
13681
9244
12677
4994
12957
5965
1572
2967
8834
11070
12168
2609
8276
883
12364
9139
5170
7987
3131
5233
13367
8971
8423
4800
3606
11984
11196
642
8573
6982
4884
11113
5296
14131
6001
8027
14384
9188
2264
8134
3481
14103
7482
2755
9712
1476
7720
1094
3686
4189
92
2855
3962
7910
5959
10437
4351
8234
10647
2691
8108
3325
4531
3164
11507
1638
13784
7787
6072
5205
10823
10523
12925
13294
217
4078
472
8544
9112
6975
12838
8880
9977
3338
3709
6294
3950
12455
6541
14249
13835
1135
3045
5328
14525
5505
10547
462
4655
5228
9208
10987
13647
4173
10799
12450
14565
13451
6575
8458
6676
4607
11695
4212
3020
224
9118
12152
4676
12652
9891
10243
14947
13964
568
6512
12193
3688
2852
29
8724
8506
6682
10020
9676
12326
12690
9583
11530
7946
4303
8649
4245
4211
9555
10801
12304
10034
8682
4471
2402
6273
9745
3921
6784
5817
3877
4039
2701
11668
9740
10871
6834
14587
13692
1302
11823
13849
14137
677
9137
8781
12200
13802
10298
9743
514
9835
5654
9894
582
10112
12088
3306
12086
856
13323
10923
11241
5420
2718
14183
13519
593
5565
579
246
3922
3216
3139
5294
9813
1974
3238
3640
11005
1882
1237
10195
8135
6900
12813
5546
4747
5924
6584
13327
11381
6743
1209
12041
8210
10684
3489
986
7764
3767
8153
2503
7334
4313
11450
6988
9282
4836
4334
7632
2624
8619
157
1062
12212
169
894
8648
14066
7435
5116
6969
10636
5150
1260
1392
7041
3326
3354
6767
14208
11216
14843
2003
5509
13284
10429
5442
7535
1629
1007
5598
12855
13934
3398
5819
1859
3420
5774
3622
1066
14162
351
13930
4875
4951
551
11283
3435
7196
12093
13695
14806
14641
2306
8950
8549
5015
7242
11588
1772
2856
9638
1015
5149
5809
4224
1327
3564
2256
9578
11670
13757
5125
818
7501
12048
428
14557
2341
265
4494
2990
4308
10535
6703
1809
570
1739
1496
3730
13708
10103
9284
5178
4722
14254
9611
14293
12753
3840
4642
2653
7263
4691
12548
2223
4360
6461
7368
8874
14126
439
10943
13974
7100
7181
13171
8215
10815
4683
10398
2720
2811
12449
5504
1059
3432
9119
5347
5040
14815
11734
11652
11592
1642
10786
4419
5579
12411
9368
5361
11729
5292
9071
3443
8340
12085
4463
5258
12376
1152
5147
14954
705
26
2829
5663
11872
9037
12436
5916
5779
1679
702
8411
9185
6011
12902
6935
4239
2721
2576
11351
8193
9497
4524
7296
240
9101
5581
11545
1465
6175
1546
11366
12174
2788
2043
1049
3054
10139
13369
6366
5508
3038
4278
1316
2239
5471
9718
14256
2072
11585
8075
4357
13308
8375
5391
8291
3725
1897
12811
13727
9052
6680
8991
8701
5870
1420
8518
12866
1344
2566
14140
3558
5216
8942
7927
10939
13460
8472
13798
12493
11194
13267
1785
12216
999
14985
10654
14154
7405
2891
1630
10560
6424
7481
2709
12115
11483
7218
13622
10978
11974
13300
6805
1264
7937
2555
6106
7257
845
14288
886
6746
2136
14858
6553
8864
8632
1004
8142
10543
176
1790
5858
2732
2643
944
3014
868
6279
1361
8633
14434
12863
4638
8808
5529
14871
14346
4085
12365
11117
107
2452
4268
2774
14166
118
8821
4651
4052
756
8704
1408
4253
11358
11043
3636
12496
5021
8122
11962
1198
9165
14709
14749
11998
14612
8443
12046
10085
7757
8019
7327
11022
2793
9042
12518
6177
8928
11182
11149
1937
12442
3550
9405
2033
13342
12020
7637
9254
1047
2569
2596
13973
6654
3283
14097
130
5704
14797
7310
3198
2178
12375
1538
7009
3946
4130
9598
11760
8005
9807
14633
12294
6867
6933
4045
9836
8372
6391
2017
2336
6081
1586
4498
3948
867
14110
3849
7933
8985
7978
14876
11324
13819
14934
13653
2025
5007
11776
4315
8216
9045
7858
309
11076
3367
10403
6610
13373
10033
4012
7540
12144
10271
3277
9459
5992
1011
9320
13857
10665
1661
9143
9337
5706
374
11037
8032
4120
13685
4288
9585
1403
6270
8120
5808
1150
14040
9477
965
8211
11130
4415
13954
10749
12824
4959
13606
6009
3624
7918
8297
1208
70
3555
85
9099
744
8738
8301
4741
7583
7148
11273
2763
14507
10060
6967
14302
4456
3336
4952
384
5130
14306
10347
826
5493
3390
6801
8905
898
10669
5330
14393
1656
12635
2937
12309
11554
7233
11331
9993
6432
4099
11546
14132
3994
8230
2395
1300
7275
8072
829
2147
6188
4895
5061
1448
11055
2366
12303
774
11264
2447
11441
13840
3212
8539
12007
1075
6742
489
13139
8585
5312
7081
13325
14418
13642
6171
9206
5671
8419
8184
2249
11439
11305
9545
6736
3257
13500
683
7360
6883
13794
11224
7838
2277
11994
13594
12797
7171
4132
11296
6730
12502
4717
12137
14646
5692
12705
7968
4927
13958
6184
6284
7762
6590
12194
11397
13298
1455
1811
4993
218
9506
6421
4053
1732
12486
11377
3724
1146
12893
4186
980
4159
11266
8129
14644
11406
5639
4087
2580
11904
7440
10068
8170
1306
13677
10597
9122
11941
14545
9717
12320
13436
3108
6836
9543
10953
3541
10999
14826
7282
2598
1450
4217
5626
7051
2101
11472
7463
11707
12595
518
9301
7151
13668
9067
11479
7735
9425
8519
6816
12538
10753
5399
9927
6156
5365
9550
8810
5792
14329
13249
13232
6417
11405
12345
3744
10414
10633
9605
11062
3515
1167
9734
14596
14117
14690
6562
4807
2106
11791
1523
6565
500
5350
1357
14433
10964
2488
5740
1434
5433
11171
584
9984
4407
3226
12192
5039
2123
5856
1348
7630
6456
11155
9120
13770
13429
3382
12197
2728
1986
14761
5387
2298
12221
13320
4710
12953
971
1485
2139
14399
6230
11953
11601
14378
12059
5833
10314
311
1750
8249
11211
8675
2633
3237
3597
5905
8090
9236
4788
3236
11498
8099
13532
12116
4561
14395
14531
2382
2351
2119
12398
9465
13399
6608
800
11200
2330
9714
3968
12434
5632
6132
9192
270
9394
4742
11115
5182
11990
6315
14924
1691
1535
1554
5164
9068
4100
8752
4059
13786
10843
7678
6252
10900
1295
13070
14785
12529
1997
3549
2207
9272
4934
483
5086
8689
6054
488
708
9623
13188
13748
9498
3845
8774
6720
11685
4778
7846
4625
13626
11031
162
11784
10402
2393
9060
12673
7782
12256
4481
7259
2828
14948
1439
3699
11091
784
11625
2343
8084
3441
1127
3242
6420
12441
12158
7201
10873
13591
3245
13073
10582
13847
4960
4137
2266
3520
3814
3293
3374
6894
13077
11449
5869
1597
7856
5012
3385
787
1922
8264
2301
10450
1201
5477
7920
14403
2460
4798
13980
5636
8763
13833
9864
7614
11789
2270
14894
810
5974
12102
11321
10457
12175
13697
12079
4009
14081
14047
8829
10471
3810
7736
13882
7111
5572
4879
7101
4745
7659
12263
4318
7176
9761
8269
7834
6170
119
634
7765
12089
5192
13448
3618
6395
9438
2597
9869
12722
7822
13931
12336
10507
8011
9809
7408
9227
9457
13801
14898
6212
7000
2980
10363
12961
11207
4069
5910
2300
2469
14799
7152
7609
1161
12337
10995
13142
11868
11880
3182
12905
2768
6660
10846
10380
8606
1290
14396
14197
3940
13237
4585
6299
1858
8514
5259
44
735
4031
13022
8345
3179
9948
3821
13183
7486
4983
7611
3888
3651
5282
4236
10578
4674
6329
12771
10304
378
9043
13527
7702
12768
2335
9298
14409
14851
8746
1911
11120
1870
2504
2606
12910
3944
7200
14959
13576
289
24
7239
4919
10036
9149
1440
11565
9906
1643
4822
7616
10782
14702
3163
10807
235
8094
3079
8141
11293
1452
1065
9241
128
3642
12681
13793
11787
921
3666
8140
7255
7638
3872
9838
9780
2989
9783
1548
9116
6818
7887
2014
1981
8356
5162
6383
605
8148
6321
14155
3273
4601
9081
2802
1409
14252
5547
7853
14484
5270
6162
7314
10269
14630
13885
6913
6853
766
736
4368
8138
12010
3402
11913
9957
9319
4339
3985
9730
6327
10748
89
3901
12579
3630
5708
11257
1186
6896
769
8164
3563
6091
13314
6133
10122
12672
13526
10027
5279
1595
1115
14028
6368
12835
14975
4584
11799
6634
8716
14900
10270
10050
2750
10558
13687
6899
13354
7382
14617
11756
8076
7543
9537
6806
9668
11819
3215
2879
2434
7747
1702
10220
757
5177
6809
8655
13152
1803
3124
522
13219
9184
13024
3457
39
9094
2074
14676
6672
13620
841
7939
11901
11375
13097
3297
20
4306
10734
1589
4606
3453
11494
7821
8068
5163
3340
6038
11942
4525
4026
573
1273
267
10663
1134
2112
5653
6762
14856
4752
5736
12357
5542
9689
10044
11189
739
4898
8587
10310
14459
9774
10527
13892
9352
9381
10075
476
7548
12643
13058
7640
13799
662
777
10452
4116
14814
5955
6452
4824
8058
4418
6735
454
6797
10336
8454
6291
5300
1028
2391
656
2733
7018
11581
1136
1584
7561
11587
2945
3450
5123
7175
6083
11010
3830
3262
1247
10338
6255
10023
8961
14978
13483
9725
3523
14933
3474
14931
5696
5888
12839
2865
8630
13381
8092
13813
1694
11934
7884
5709
4495
8728
10687
1221
9027
13792
1332
5998
14184
2051
4944
11048
2851
12370
18
11167
1329
13552
13338
12783
7284
13018
4737
13736
7043
3746
9455
8715
11827
4996
1425
10532
8866
2491
7836
1556
15
1850
10655
13309
8662
4195
6323
8798
7042
5343
5970
5078
4569
4321
13481
13573
10506
11989
14559
2907
14127
2674
5567
13688
8408
13366
13536
1792
9584
12492
2623
9955
565
2578
11437
28
434
753
14242
14472
2583
12322
5767
4042
7207
186
8976
5557
7799
7104
10712
14744
2792
1222
2405
6217
8692
3318
6041
13280
1545
14456
6623
4725
7811
6550
5780
11083
8800
14290
13996
4726
9198
2459
7842
14119
13933
4536
4375
1678
7975
11459
13544
7374
12396
1234
12728
10982
11917
12494
3085
292
2303
2261
4355
3504
4119
9513
3275
1826
5383
3112
12063
12804
13031
10713
8224
11287
9678
13258
13485
12692
11387
1667
3578
13311
1812
9333
11427
12399
10839
7483
14068
3599
12196
7053
5702
12765
12793
10461
12440
9576
7472
12099
11335
6999
1927
9503
4447
5490
11404
12021
2310
4097
10883
7371
1266
12645
7714
6248
7418
12721
8758
12011
5203
12742
3924
14774
6189
525
5158
7245
10961
5339
8406
6051
14338
11343
1263
6265
6891
8620
9203
10040
7650
11487
8665
14088
1805
569
6889
14670
11418
5253
263
6216
4077
3721
5537
6756
6798
5211
2585
12760
8168
4533
13549
7160
8883
3713
5778
3151
12417
11796
1103
5835
1873
14853
6655
8575
11697
4285
10521
6866
14191
4532
12316
4761
6504
12350
14994
5264
9107
7744
13098
13364
14800
5083
14520
14706
7861
504
5314
4450
14369
14599
10242
12274
1493
5440
9753
8690
10206
5489
1977
13682
2403
10158
9187
14107
7689
5846
3292
10623
5422
7889
6190
4825
3451
7170
12897
290
11353
8722
13881
12454
3051
12994
12045
5666
3393
300
7594
5787
1801
4295
6573
9635
79
13955
3984
96
9111
13754
7013
1887
13350
4931
12876
13556
6513
4443
6711
8256
13173
9738
5650
11084
13607
2766
10886
12347
3149
3600
14262
4708
7545
5222
2448
6948
3447
13598
7437
12734
772
10231
9328
6199
7471
3417
5460
6459
14269
3104
1929
11907
11322
9295
12035
11949
7922
13335
3535
466
1574
11550
6392
6296
10012
8509
360
11551
5081
14250
688
1808
6186
10030
11210
12720
1463
13912
3118
1170
9673
13902
8124
10170
13878
6827
5461
11253
2908
2143
8858
10070
3967
3229
6129
13487
5430
12161
9811
2832
6820
10028
9395
6287
746
4232
14513
133
588
6148
108
625
2800
7085
5315
3187
13749
7923
9592
8250
12836
9695
10925
13811
2203
7517
8209
3665
8777
14742
12702
8591
14833
11086
278
7993
6561
8588
11040
1753
3802
14375
2971
3991
2782
13375
11400
802
3210
8367
1148
10337
2685
14253
1619
930
13729
3428
7935
5795
9881
9685
5099
8441
13279
13445
12323
646
11236
8071
984
6781
14109
10095
12485
10968
10634
3109
2807
4636
6326
3002
9982
14926
12592
5725
14834
602
12695
7016
10296
1728
11629
68
8698
12687
2711
12273
1943
2458
732
11165
14334
5993
14239
11780
7994
14605
4330
1
10616
5668
4404
5939
11890
14224
4731
11188
3337
5556
10905
1378
11001
5756
6378
8417
13997
6638
13731
622
6717
5616
9510
51
13516
4756
11691
10234
633
12895
7038
10962
4070
1825
9847
13663
12328
12900
4028
4802
5140
2698
13465
4376
7970
6835
13751
4504
9535
13548
13737
12072
4760
14179
7597
8802
5256
10500
8313
11033
11016
14886
2825
2705
1051
12848
12575
2480
4188
281
8229
14984
1777
6750
6778
3047
10277
12385
11214
12778
3497
8343
12776
5619
12763
2260
13678
12133
9768
4613
1272
3902
9294
14323
11034
10910
14762
14180
8691
12944
581
8077
892
9547
3175
13133
3488
13467
11979
5913
8873
11369
9005
5894
12904
7115
9719
9565
1634
11417
4928
680
8849
4915
7168
6111
12576
8299
7270
10851
12629
6308
2667
5257
12585
12410
12558
13587
7863
13581
12898
3143
10852
10259
12976
4682
12708
6872
14027
5272
14050
10004
10726
628
13499
3614
8118
9852
1503
13153
5492
970
5076
3144
2075
9232
5251
12948
13789
13962
5673
8070
10650
7882
9180
14100
1505
5342
5941
2961
6661
7696
2493
7557
7478
4808
14370
2860
4076
13033
2523
8536
8203
1800
10216
6122
14194
10447
2118
2275
1077
748
13941
3197
174
9281
56
4049
2817
10767
4854
6794
10915
2665
4586
7752
5131
6204
99
6670
14104
11492
2835
9963
2780
12647
3181
11470
13273
5630
1322
11806
3870
12586
4385
3894
6371
1085
3111
1212
2451
7911
4759
6946
13395
14598
2446
4887
6345
3483
3716
11416
13765
9104
6213
7123
4903
2956
3137
10101
3662
6902
2431
7734
10357
1918
1563
3847
2916
10467
1965
5514
13852
8461
14457
8956
4094
7477
11914
14462
6445
12565
11407
1133
12018
117
10420
3204
3687
4662
3610
671
2250
11447
6082
11976
682
12679
10379
1123
8102
11759
2772
6367
4679
12318
13943
1639
6466
7195
14855
7451
14802
13064
5127
3587
3345
5106
1807
10965
7134
3130
7521
8314
7569
5701
3705
8947
13724
14215
1315
14467
846
11825
4582
2293
2156
2511
5865
8206
210
5734
14151
7684
6437
8412
8871
3615
3339
7823
13197
12223
10352
7412
6500
3602
852
1445
6467
237
9407
11600
7178
5763
9866
8105
8975
12479
4787
6977
8955
10993
5173
11558
11107
3989
2140
692
4206
13580
11292
875
12509
604
8531
2150
5533
4851
13623
1720
7651
3309
10853
11096
9694
9309
5435
12214
6744
14890
14054
10058
11481
9444
3757
6648
1534
9293
8187
7798
4573
878
3370
2061
2369
6324
361
4608
6526
12427
11605
5011
3320
10812
4693
9935
13952
13639
1240
5657
7047
8456
3992
122
4317
11061
2946
10067
9100
5932
7241
9077
1856
435
6560
251
1524
7642
8643
1583
9436
13915
4557
9196
10454
2396
1128
5723
9970
4694
12220
2280
2231
2534
11288
6745
5467
5156
10981
8936
9220
7364
4168
12603
2187
5413
1526
1215
7880
13853
13948
1645
4507
8361
3969
12355
11712
12946
14350
8613
14773
11357
7106
3879
2314
8449
7037
14134
10318
1637
9140
14624
6441
901
672
11248
8570
3685
4460
14708
6669
12821
425
807
8207
3363
487
3913
12271
11715
12605
14992
11438
7438
6104
1697
563
5950
13752
6698
13951
9654
8674
1262
9422
12880
7026
12922
14595
12037
7780
3394
9491
1335
6214
647
8612
11300
5680
4743
4968
11505
3381
9552
2291
3577
474
4102
691
6305
13858
10643
10602
4882
3818
10832
406
9564
7727
4272
7346
10055
9456
3043
4528
1351
10740
12588
3211
12612
1431
4630
6990
11347
13783
7383
5890
7754
4434
8395
8836
4706
13539
8147
11772
12004
11277
391
5860
5295
5051
11996
395
14586
8812
14371
6944
10071
13795
914
12756
8232
1674
12914
5995
7645
5875
13879
1339
2863
3941
14725
8326
2348
2604
2409
115
13696
4106
13065
14105
10926
4784
1444
11516
4293
7721
12709
6914
6099
288
4856
3897
2206
13846
788
3224
3261
14915
5103
7489
3287
8360
6685
12524
13590
2985
14069
5464
6675
13175
6832
6314
9746
4796
3753
6102
14342
34
5731
7820
5487
3797
11627
2065
2532
12295
6460
6436
3915
6639
2960
10486
7273
7220
3837
13579
10432
5351
7598
10077
5210
2869
14661
8126
14937
13561
8890
14358
8400
1879
5531
12201
7917
11610
5111
6397
2645
793
11082
4111
12051
9323
11341
3718
11745
850
9795
6987
13768
2550
750
14090
473
13721
7464
7709
6476
7208
12544
7546
10464
1594
5891
9175
8560
8414
7098
101
6444
13209
2209
7982
7349
11655
6151
12937
14782
1640
1998
13051
4506
1454
11238
4870
6509
6647
1506
1112
1383
2735
1670
12741
5550
11680
10037
5189
4514
11354
8597
8791
2589
14951
3654
1102
9655
7942
10239
4112
4412
4627
9907
86
5219
2894
8158
13671
8532
2195
4362
12445
13480
6211
8358
4631
2356
1569
3820
10223
14807
2957
3058
14590
12781
11669
14392
3296
9862
3762
10082
8886
5978
6868
5535
1707
13855
2887
13809
6295
13105
2084
4457
4894
2591
6203
4396
9834
7857
9102
12258
4649
13684
13275
5559
9644
12852
1173
11604
13085
3787
1382
11420
2797
12532
154
4210
12243
8686
14881
4821
5716
4414
12472
11051
3732
5678
11576
10545
2952
11497
1784
14255
5962
13377
962
14314
2537
11871
13834
10217
10126
4226
6996
13112
7562
10498
12995
10989
12698
3268
11905
10370
12446
1874
9582
13095
6317
8074
12932
10424
5122
14111
10115
7077
9109
7786
14859
10770
11360
10180
508
9831
3405
13216
6564
1693
14504
3717
6795
3005
13121
5867
5483
6354
6492
8404
9944
1738
13297
14297
8795
8742
5679
136
5585
5000
5872
775
2695
1398
7369
7417
2253
11384
4473
8012
14477
397
10738
10776
7031
3462
6333
8116
8428
699
4225
14460
13600
4223
13194
4005
13059
12444
3102
7641
9199
10305
8374
2104
13066
12676
1426
8415
10487
2296
4920
2783
2682
11596
1527
6921
6734
14674
754
419
10076
10141
6077
11580
10836
6930
2517
2456
4477
13071
5538
13129
3201
14303
444
10811
4643
7145
2613
14308
13874
14123
2049
12312
4255
12615
6044
8410
6592
6929
2227
1367
3217
3254
8755
12242
4842
9946
597
3739
2890
4633
5602
5540
9659
5675
7404
7536
5252
10694
10367
13365
12257
13415
9662
12268
2411
7690
10637
10857
718
12727
14058
10933
9265
13100
8914
4260
11180
9599
2321
12159
7191
14543
11968
1117
9440
880
11526
2054
7169
9542
421
11473
7173
8545
12281
2647
2639
1603
12432
14199
7571
4435
4423
13208
12736
7741
14213
8290
14045
4098
8029
14149
6272
9186
4483
14167
9956
1714
9121
13425
2538
5398
7333
13643
10515
2490
9015
11065
13608
5614
4083
13870
12154
3533
641
12985
12460
4782
9519
10474
13277
2570
8355
660
9517
12406
549
242
10760
4880
3011
10575
11635
11653
567
4517
4091
4013
13123
6922
12888
7392
8733
6297
8271
12238
8078
7907
7124
241
2238
6469
1245
659
7843
5818
7121
8338
7615
4246
3708
5620
11056
895
8490
1377
35
11085
12368
4378
14700
3977
2337
12335
9430
8579
8288
11260
3506
9388
3444
1708
994
470
1559
12452
3475
1176
7147
6815
1143
189
13285
7627
11510
10024
10165
534
14505
4917
3082
9374
10466
11714
6579
2928
6379
7504
13715
6808
5408
3498
1190
11486
1657
10819
9098
5988
9314
2027
11356
2028
14848
11443
14788
1735
14609
13961
1751
2959
7293
11867
7250
4343
3205
12928
232
676
3542
3037
7423
13987
11935
13960
882
8713
8639
10431
9322
2080
589
10818
14482
8580
14539
8025
11067
11129
1802
8393
6760
2228
7832
6362
8762
11157
9687
10413
10576
11139
14995
12474
8384
7432
5436
12730
5520
8607
631
11929
11954
461
738
13743
9646
150
519
2531
11555
2608
4038
5900
11206
1632
7664
8530
1213
11617
13125
9735
9940
4
5284
9363
5325
2587
2601
10533
178
8295
1717
1375
6773
12003
5474
8730
1520
612
13116
548
8957
8645
3479
14203
2315
9932
3263
14649
3976
12373
11683
3736
13928
14527
9130
1544
12255
9332
1171
11098
6484
14202
13268
13259
2476
963
5054
14786
11666
6090
13648
9988
14895
10081
9348
1494
8037
1952
1727
8279
10630
9799
2507
789
3627
2175
2611
11608
12319
10797
3353
4818
11415
7162
10954
3742
11583
10790
3791
8183
10104
2120
5453
276
5920
9922
9146
10221
4520
7784
6281
10080
2954
9230
11967
23
10194
2374
12598
11229
6266
8589
7676
12619
3129
5908
12757
1118
4537
1695
1659
13265
12473
3807
2385
1042
8787
9194
2473
7059
2164
307
10513
10808
1407
2353
4598
9233
9890
12469
13461
14824
12325
1823
1944
4452
8700
9083
11740
9931
12628
14643
11446
1447
6775
8714
4482
10563
1752
7866
14207
8702
10628
13597
14018
14096
3792
10364
10756
5102
2484
6179
6126
11559
1384
6351
857
11920
13176
211
2616
10948
3230
81
9343
8685
4032
11643
4117
989
4835
7761
13771
6886
9760
3731
14654
9756
4599
14821
3719
10435
8830
4544
6862
402
2661
12891
11213
2803
6431
4946
11513
3219
14591
10204
1441
2619
6864
10265
12785
5721
12624
7750
9280
7350
12735
4748
8718
8590
10274
10865
212
13717
9767
9905
4518
3766
7768
3971
8146
3885
10503
11161
5732
13030
5690
3278
2677
9736
13412
8997
6073
13633
11409
4010
1233
11881
2567
13114
2840
13601
4476
6114
3169
8670
9219
9814
262
11770
12787
928
12525
12122
4814
5303
12638
13019
12277
8819
2274
2154
14735
21
14530
8680
14537
7340
14820
10405
5958
11291
13281
14363
13082
752
4605
9949
12191
6689
7163
4666
6619
2544
2837
8725
9991
1283
2883
4478
8165
4265
11204
14381
7966
14941
13148
5807
4370
10579
5758
12107
9123
14163
3671
6191
14001
3208
6101
1666
12885
14359
11390
7285
7232
11233
1835
5269
733
8912
8201
6954
2714
14683
9091
12689
9786
1179
6375
10946
6637
6018
14653
1830
13306
33
9794
8548
9033
1495
2873
11810
10957
1766
4192
497
2866
1084
14616
459
673
14642
201
4736
14072
8480
2430
12266
4961
6611
9010
433
813
8586
11889
8136
5181
4458
7673
6361
11522
5948
2212
14168
13523
5198
7633
12541
11521
3128
12125
1298
11928
5824
5925
10356
13656
8171
13890
11628
3813
14277
10470
4587
11846
13299
11303
5421
7778
8598
11348
14780
7551
13312
4988
381
9972
9841
3895
7555
4629
10129
11891
1722
3028
1713
6494
6473
11718
13050
2686
5859
5685
5823
12013
12186
13143
6318
4027
8021
12408
13128
3763
13863
4838
2183
11452
13975
2095
9625
8807
4326
5335
8538
6439
14635
5175
4896
12903
11401
12515
7088
14147
13866
7683
2543
1442
618
14189
7015
3343
12657
3710
11035
830
5362
3527
2047
8394
8257
2067
11650
929
2194
3203
3917
9340
1144
1243
10049
9671
3001
9844
3514
8663
9415
4534
6407
4545
6394
9797
9115
11886
2117
5840
8927
11003
12172
4358
14038
6963
7395
8089
12056
2557
7844
13829
2664
12078
6264
1990
5355
4972
6936
11553
8824
2794
2368
13001
1470
3243
13981
10375
10907
9851
2747
8618
6673
9321
5746
6092
9606
4030
3423
407
9817
3391
12794
298
4575
2862
7179
32
9488
6850
4294
10251
14289
1006
1511
1433
14778
11411
5989
12842
4062
5839
4705
8850
10690
4402
7298
10074
10825
11738
10417
11731
1473
14324
5548
1083
4624
12372
10063
10747
3366
14656
6067
648
11190
8442
1003
5781
2831
3206
11829
6846
183
9853
4377
6084
14251
161
8172
4859
1096
3805
14920
2078
14158
6070
7467
6529
9934
2344
10855
3679
728
2159
5093
14237
13459
13462
7326
7063
1516
2064
6932
4572
1907
9240
7763
12600
1474
7620
11142
1886
4299
6980
13262
1031
956
9001
3775
5448
447
7973
58
12478
4071
9591
9594
3695
5887
4583
1853
11050
1462
14421
12282
13827
13034
12969
10124
1319
5212
14658
7559
11060
14004
7897
3062
3970
9875
936
2910
13421
6789
5985
8040
6739
5172
5359
5031
12740
2276
5029
8960
12631
9656
5676
9492
9452
260
13759
5715
1903
13560
8333
13011
10988
6811
3265
11112
184
12027
11940
1443
3069
11805
1016
10754
9567
2905
11877
6934
13316
6159
14063
11573
12008
3096
14361
6908
13107
14823
7905
10727
1469
3328
13450
6799
2753
891
8399
13288
2132
10078
14801
5945
11777
1533
10388
2450
5923
12165
10472
14659
8101
14245
7610
1683
14216
13245
8826
3935
11448
11844
2481
13529
13246
13221
12435
14233
284
7703
2193
6488
9926
13202
11986
8017
8008
1108
5987
10909
6733
11964
11693
9879
12495
14765
12758
2244
8799
7867
333
10693
12733
4011
7034
9782
158
1885
4118
11382
3422
6196
7586
6506
14436
8778
12514
9238
855
9540
9062
6304
2126
12006
6003
5287
9523
7494
10775
12865
8771
9775
13564
1159
4769
2415
806
10735
3955
1987
2668
12878
5204
11072
11977
6499
5366
11630
544
2785
2626
8929
9707
4900
703
10887
6747
8973
4122
8634
5003
13826
3017
6842
2508
9053
6268
13088
13599
10901
7599
9536
5063
3291
10018
4616
10614
4022
11813
13950
7157
13486
1307
4301
4420
12378
5334
14064
2924
4139
3784
5877
12055
16
8439
976
6984
9865
2522
6411
5783
13667
6706
2088
4850
7114
3484
8848
6269
12394
12675
5153
12984
424
10996
12665
3092
5652
7075
336
4724
9218
13420
1125
3355
9344
3172
10935
2514
383
12806
5588
14874
9375
8989
3334
11488
1775
171
5095
12121
12899
954
10224
3876
4827
9214
13953
11952
3696
7460
9169
10064
6751
5304
7048
3596
7715
14075
10611
2417
7055
4244
1481
3769
10662
12292
3689
7154
4863
13145
12875
11879
505
7746
12032
2182
13413
3518
2292
8741
11809
7712
4416
2748
9069
14768
12279
1690
200
11509
4387
14160
2011
5784
2520
6402
11725
6525
1347
11374
14463
3299
9973
9209
4991
3480
2757
3584
13104
9773
5552
7125
11490
10440
11514
10624
14594
9403
10549
13880
13440
12962
8262
14365
11803
7108
3593
2796
5544
449
7136
14360
8245
9637
5004
4602
1388
10854
11861
7299
2237
9560
1669
4359
5605
9239
13993
6879
2882
11239
5813
3057
13542
12234
1292
14648
1537
10146
12113
243
12988
6997
3202
12703
14139
14337
7344
11593
670
3414
4384
13437
12101
5981
2338
10525
2186
14291
2593
2712
11687
2767
9396
819
9666
11848
12135
12563
11489
11340
11451
4522
12655
2867
1181
4718
3046
9248
4681
1507
14019
11544
12926
3864
7851
2285
4971
4092
4922
14897
12439
3682
10127
2494
8318
12890
9653
1492
3133
14680
1551
6493
7065
12917
11983
10446
12639
5728
12511
12025
13778
4750
2839
7135
12276
5424
14957
669
8646
13163
11811
7533
7397
10969
3873
2487
5035
2843
4290
2457
10132
321
10920
6507
11892
13431
10118
3207
11074
13582
4430
6363
14912
9168
4763
14035
7033
9566
4127
5193
9918
5700
12616
131
3375
1665
14491
14201
13355
8910
2972
8627
8517
11679
8694
14503
14070
10625
127
689
9093
11584
1035
6696
1349
4462
5438
6302
12028
6249
7519
6250
9729
3067
12291
6591
1424
12818
8879
1251
38
11838
9700
10475
3565
8524
6110
667
12067
14971
4958
3097
302
1121
7413
13839
8901
6226
530
4962
5077
3071
458
5603
6471
8194
11524
339
5580
5065
14816
6852
5196
255
12894
2930
7738
14118
10014
10805
9072
3286
405
213
8892
10237
2355
6620
5009
12796
10000
12707
11252
3065
1650
13929
5447
4310
6057
14906
9397
7424
9950
768
10100
12166
12916
10374
1162
3534
8123
2813
6109
7617
7246
11262
537
13230
731
8825
1966
9692
7428
11932
5018
11882
11832
11603
6008
7589
9011
8364
7565
8804
13013
3759
8788
10210
14382
11529
2713
7491
2770
11186
3044
63
12219
5658
2376
2060
4019
13092
9798
2389
2958
4785
13158
422
2328
12415
11708
7974
8543
13452
8277
9951
10389
1131
5876
1060
13760
10984
209
13666
11856
3438
3531
8208
2236
1045
1166
4381
6301
6481
5831
8635
8263
3633
5979
9402
2220
4907
8984
907
11661
9237
11927
2449
14133
675
1223
1224
1566
10192
9439
9128
14685
11422
5037
5234
2955
5618
3089
2472
1625
2269
877
4250
8693
10293
13416
666
7803
1183
4427
643
10213
12964
2977
11525
326
14977
4015
12202
11925
11739
1126
7307
10042
11153
2367
1684
4610
8450
4230
1521
9365
3214
9765
13841
2731
3115
6489
3473
7869
14631
6585
14603
13446
13664
1104
11301
5820
7342
2035
10407
8782
7328
5608
14770
4938
12195
3494
6772
5215
4969
13180
13763
13728
481
5591
982
9156
14034
14755
4057
8038
10540
7378
5094
1027
5376
10501
10544
13947
7688
2965
6161
4766
14352
12412
12602
8785
9262
7847
8780
1954
12549
1949
5429
4090
5961
2603
66
2370
5815
4075
9131
751
4576
5936
408
5754
9164
637
11110
4431
14516
6792
10698
6665
3407
1819
12580
7422
3704
6157
7672
11860
3776
1287
13790
1491
6770
5055
8103
820
1901
5960
2923
9039
7141
187
8596
5822
9431
8061
1046
4749
7783
14012
8930
6786
455
3508
10211
13135
6449
7092
9409
13041
3088
8402
7452
13447
10584
9827
12246
10400
12077
13985
13189
8144
14490
8999
11386
14142
8806
1050
2700
511
7057
10875
13010
11597
8492
1256
9630
11093
2312
1088
8483
14502
7564
14301
5208
11865
8528
7742
1037
13368
3953
4801
3738
5286
7071
5909
10157
9058
9617
8401
7447
2895
1915
4640
216
12941
3295
10680
5415
7793
10894
7607
4772
5697
5852
6950
1394
12103
7244
6940
10971
2442
5786
11467
5982
7579
12997
60
11389
14032
4795
13137
5338
5627
8272
1928
352
5864
4909
1934
6061
3547
114
9521
13477
1571
3091
3466
12053
4668
740
9212
10433
2026
12591
12568
4221
9579
1989
10038
7458
2001
11686
13701
10480
11750
2492
3469
14113
2322
12317
8476
5024
9275
8932
9937
1925
11972
104
3703
13896
11517
10700
13618
9389
12662
2202
10419
10025
6033
9857
5401
526
8327
11919
5917
11854
7193
13473
3691
4940
13054
9475
1647
6754
14812
1771
14008
10031
2875
1034
7140
2655
14210
12550
7269
7414
10820
9147
432
12148
8097
10603
1369
1964
11835
1456
6274
9556
13157
6263
2836
9382
14406
11933
13546
10928
4511
5907
3456
10241
11041
7984
5160
6776
5518
12716
6127
1611
14400
14464
12481
9454
10478
4017
5377
3231
3978
6470
10317
562
10844
513
2519
4735
4432
13199
9747
11499
12833
13625
13441
5006
7665
5226
797
9355
9377
1081
10529
13336
4924
2765
3009
13386
5737
8436
13061
14963
7251
5281
5718
14647
10750
8079
11590
7265
4345
11
12749
4405
1414
5912
3233
7874
3816
3853
14295
6355
9386
10372
7415
7372
11141
14629
1832
4860
7039
5375
7919
13296
8332
4234
6570
14005
3315
2573
11548
12123
9750
12332
4201
10904
3862
3987
11572
9608
9097
4777
8267
9495
10143
5881
6796
13982
4366
2197
14584
1205
3887
10711
8894
12723
1970
6779
14009
10891
1336
920
2648
2087
11582
623
7938
12167
10236
14284
13229
14231
13747
13925
4271
10246
8335
9593
3975
4191
1404
9035
1682
10556
5445
4684
8056
11246
1976
9499
12288
7076
10806
1227
8225
9051
7588
10168
678
993
5495
10387
8205
10381
4391
11263
64
12132
294
1531
2278
8968
12425
11047
1602
5634
2362
4595
2787
12982
11648
11793
9029
4579
9251
8143
9092
2671
3335
10123
9096
1242
2360
10793
6158
1673
10131
7394
2042
11109
3801
2801
6605
12505
10323
12697
3439
10441
12156
12930
4797
4107
7231
5566
5432
8505
12626
3347
11569
2559
1132
7416
13113
4386
11136
10196
7355
7992
10039
1288
5503
6350
11857
13238
7215
11930
3106
1111
6233
12989
5973
2023
3625
8654
3018
12034
2880
6074
5593
14721
12352
12913
11159
9884
1160
11762
14724
4016
7426
7681
9463
14983
5683
3016
6085
1862
8666
5577
2134
11824
13723
12453
10780
11849
4689
2918
11087
3220
12498
714
3285
7950
5247
13704
9538
2435
7850
5096
6386
14470
5943
7321
2657
10674
2640
9351
13634
14426
5289
7854
4828
8451
11119
4346
13332
13862
3282
7916
7117
11561
3227
12764
13968
14223
4065
9992
5571
4990
11542
14417
14880
2413
14286
1313
10685
594
5726
14156
14159
5082
12951
3430
14862
627
9020
11254
1576
1799
10564
8457
10490
9161
8050
995
12968
3078
681
221
11883
4910
3274
14091
11054
11535
509
4374
11631
6625
1843
11830
3055
9524
10425
6942
9417
719
8952
3308
6989
10005
5463
6
6901
14431
10209
987
12321
4454
9158
5070
1828
1847
4342
14852
10921
1883
13185
1199
14394
14222
11243
7300
19
4885
4982
12570
4834
10691
7386
5828
11455
12559
5739
12554
320
11966
2234
11024
5880
3
445
2826
5469
2749
310
6152
10483
2100
5745
713
1395
1794
8563
1460
14682
10966
4218
10903
14919
9998
8284
1486
2357
12354
7080
5313
5719
6448
11045
4145
11413
4240
3749
566
5882
140
10997
5502
14964
7357
27
14842
1590
1783
9830
9504
12664
7655
8167
3945
2468
12283
6220
5357
13056
7002
5717
11822
2719
3114
14312
11320
9958
7456
12993
11859
12484
5997
10777
11936
8022
1095
1956
9303
4277
9191
13884
7112
11947
14533
13206
5327
11828
14279
6649
10649
9986
5425
3436
13418
5397
4350
8495
14757
2706
8766
7964
9380
6096
4153
12244
14327
8611
4101
14667
717
10912
10334
11414
8740
1472
4237
6906
7339
9983
7312
3836
3138
1838
9561
8610
2327
365
3711
282
3932
9622
10708
5937
9629
4559
13140
10517
13392
3543
6330
4508
4505
9888
799
9739
14982
9762
6709
11621
2620
8100
11478
4933
3310
12656
10430
5570
6289
12688
4208
11480
14509
2579
13046
10542
888
10847
9084
400
8028
14408
13810
11274
6719
9981
973
1207
6632
5672
10339
13756
7537
1540
12424
3176
10930
2384
10664
4001
7725
906
8227
2884
8080
4134
10518
11423
608
5628
5957
14796
8191
4273
8707
14049
13828
6986
6563
14298
6229
5802
1482
4433
8584
12245
11560
3700
5785
12846
7756
1113
8881
14572
1130
12823
8604
6258
10481
3591
840
8199
2925
5730
14827
12523
10520
1416
8695
1872
11873
14578
12669
3728
4690
741
13710
8484
11121
10056
761
14939
12127
785
910
1698
3863
5417
5152
14967
7210
13371
6522
2148
13328
7441
2394
2938
13102
14321
5444
12060
10842
8240
4716
322
12589
12104
3525
8931
87
3076
6740
14185
14956
14764
2113
4542
12517
14230
9749
14976
2997
13492
6847
9742
11046
45
4577
11638
418
4853
11785
14841
13454
4006
10232
14
7436
5662
193
148
11237
10136
14549
5142
5874
12940
6034
1478
9886
12298
12290
5607
5080
9976
10986
14048
9127
3957
11912
2745
6382
6627
14805
7186
1194
4066
4831
1457
5374
3356
1054
11333
1230
3180
14938
14340
3912
13057
2008
3865
14722
4932
11350
13887
7560
155
5441
12817
697
12264
14966
14673
4172
1464
12280
13999
7525
14677
5410
9163
14922
13744
6319
7839
942
2621
14908
5522
4955
3419
9387
10827
6477
10606
9818
9347
2058
9806
1969
5449
7453
4437
1294
4568
6667
10451
5635
6045
5485
11887
6339
8504
11077
9751
11735
3081
5659
14061
14246
5246
575
10736
6124
2521
3168
9167
12671
1796
4570
14569
3410
12064
2987
10813
9095
12463
12139
13494
9858
8325
5066
6023
7308
10249
6468
6369
2540
7903
14364
11700
13821
4207
11145
8151
4287
11468
296
9636
5394
14033
1140
10732
7534
2438
8198
12149
230
6141
5360
14517
12731
7797
12447
11306
13538
14344
11842
742
940
10022
10198
11843
2582
11466
2812
2588
10308
7068
13797
12173
4428
11030
3053
11177
12404
1436
12140
14169
1119
14432
6169
1310
1471
14443
13226
1301
8904
12789
795
12627
6208
9448
7381
11028
5
6050
14723
14296
13079
5207
3188
12464
172
13750
9080
8482
10720
12935
9974
14272
228
14783
951
1191
14865
12800
4214
1509
7367
9087
2350
7518
3171
9292
10119
256
10593
4003
6568
11352
13444
1330
1014
3271
13893
1567
11327
2142
4467
6337
4164
7012
10240
10599
11662
1326
808
11176
7320
5906
5592
1839
2528
5806
6895
8292
3383
13393
2133
14475
5169
14449
1820
12802
2092
4209
3249
14247
9661
2471
5761
8459
13557
12704
9313
9634
11845
3501
10956
12164
11064
4957
2125
9920
8922
3521
3638
10045
6858
948
14150
5862
8669
3421
6343
9597
103
14101
11184
5927
13002
14916
5195
6010
10718
1067
9708
9903
6298
4929
4082
3834
2265
8853
5801
11969
11567
8422
1855
12694
9876
4794
10658
668
453
8642
9938
4740
7411
2470
8391
3100
10608
14435
124
13971
8679
7776
7248
8775
7657
5836
2512
5573
129
2217
8321
11613
13540
1549
14772
8055
7442
1058
1877
11869
2498
6616
5384
9086
10302
14171
8421
7898
5171
1023
6606
7014
5805
3570
146
13453
12015
14822
13949
192
13124
3413
1147
12431
11088
7670
8162
10228
13992
9157
9391
8862
1185
12519
1871
5135
11971
13363
4861
6062
14707
7710
2177
4055
4061
8088
13038
13356
6807
10346
5589
1258
1985
3937
273
1280
10369
13132
11826
12098
8247
6884
274
12105
8430
2454
219
4275
3352
11477
1501
14177
1188
2594
8939
5273
2628
3166
14627
9615
2631
13514
6163
6603
14476
5416
8867
9619
11644
7221
8386
13645
4912
7760
485
10016
14439
3330
11508
13337
9256
14899
14043
7577
14419
13090
6027
3087
2467
6030
1876
5406
578
7197
12719
3406
12351
6617
11380
8851
13739
6741
5789
14083
4469
8817
7618
10729
7628
10491
6968
7773
5098
12717
822
7581
12503
11948
6209
2032
385
4269
1422
12874
9642
2420
12480
4521
876
2947
1061
9959
1626
2717
9155
5298
9702
13838
8520
7755
4966
4500
13906
4628
14883
13543
10911
12868
7214
3869
8688
11346
13719
3844
3041
9427
7330
1890
6059
12828
11385
595
2758
7952
12400
7391
6839
6414
7550
7158
13843
7980
3635
8464
10488
9501
10627
996
7639
6224
5019
13032
9677
5830
13967
9305
9621
10867
564
165
12780
3793
10870
9904
8772
10671
2339
6514
4262
10275
7373
2739
13115
11720
3529
3536
13889
4973
14273
3789
5975
13899
8658
4728
13438
6517
332
9179
225
1153
12052
7719
12324
10531
9235
11122
10743
1614
13725
14961
10863
9243
6780
6192
3491
5816
4697
2019
10622
11959
14076
13919
690
4950
10644
4349
10214
7685
7957
11247
13734
1591
13501
11938
6718
13773
3470
13791
7516
6909
142
14125
10554
7030
4451
14553
1259
14927
4891
5969
9056
10442
9880
13170
11476
9631
13788
7976
6193
10559
6970
163
11316
10848
5788
11245
13231
14029
2629
3434
12033
13888
8737
11792
11987
2850
5644
14366
1082
941
8283
3251
10169
2651
426
2849
1099
12239
3828
11295
12039
8923
12179
3090
3867
6652
3951
4943
11116
13550
12233
10942
14950
4072
9534
9616
6964
1429
8388
937
5837
5773
4845
10835
3517
7749
9698
8368
2066
1498
9177
2445
2283
12426
4325
7484
7796
10428
12489
10705
8180
9632
586
475
6465
11981
1365
4163
13060
8502
5411
11502
4403
7949
12022
9300
865
13918
3750
6851
5825
4538
10368
10046
3161
4558
7286
1705
4826
11840
5946
4847
4196
11249
10908
1285
14728
7086
14332
5705
12873
10731
1932
8431
8315
6878
4592
9276
983
11988
5057
398
13035
3878
1202
14074
4060
10207
13652
319
6154
13407
3368
7578
12798
14335
7745
14996
164
9526
1660
10601
9793
1157
9190
2188
11029
14007
9969
9159
2940
6939
7660
8182
8638
7554
4773
3255
8308
9136
6485
13900
2081
10257
9411
12901
6821
2252
6840
6787
4775
2098
2295
2642
3965
9316
8697
73
2888
923
9373
8647
5797
655
2021
12827
88
13823
13990
1109
2096
10677
11618
2736
4516
952
2311
4429
1841
8813
4264
6722
11042
10874
2741
14315
2726
13940
10771
13326
9432
12979
9151
6464
5609
4323
10193
5067
2973
6353
14534
3616
6972
10172
6589
8779
5457
11395
2214
3785
14929
5326
5010
5664
13574
1748
11591
9520
6885
9049
9307
12275
6536
14353
6576
14568
8551
13256
145
13289
5551
12712
8671
5263
9075
3582
9961
7470
12315
4371
5866
14427
10309
4151
5782
2201
13390
9703
1214
5530
946
4771
3487
9420
6385
14694
10977
1308
13227
10646
13910
13755
4202
84
7775
6426
13423
3361
13517
3365
14945
14446
8334
3770
11721
13009
1718
2697
13039
1834
11579
1484
5775
6341
2155
2137
14526
1393
1814
7332
1338
2864
12500
13455
651
1137
8039
6443
11804
8500
13733
14955
6915
599
6427
3723
4571
13920
13089
1116
2991
8917
14099
10292
3329
13196
9479
8475
3425
4637
1246
7619
9539
3007
5017
638
943
727
825
9715
2900
6118
1091
14039
10922
13233
5933
10702
9563
13341
14193
11926
5510
14787
8048
5499
11704
8705
7189
7444
370
275
8521
4252
14870
2146
10583
4219
5046
1950
12770
4543
2858
5255
5225
6810
323
6830
723
12136
7865
5942
2281
13282
14892
7485
5456
2082
175
14373
7166
8898
3379
7354
12990
5159
3697
5319
2607
5747
3061
2375
8298
11430
4286
6907
6863
8248
5145
12267
9357
5332
4733
5854
2440
2501
5022
5707
6877
11365
8219
2232
10505
7646
908
7223
507
7708
6928
6115
13069
13430
13837
764
3165
6360
12338
8486
7335
12205
8312
11332
8839
10019
4502
166
10723
13995
4383
9296
10821
5555
13628
6139
11128
6195
2586
7165
12217
6462
2775
7860
9473
5811
12467
1552
9378
11807
10610
9943
6831
7078
4425
2404
3573
5637
9652
354
9066
3916
7291
2485
4256
11802
2475
8468
5595
10679
10709
6438
503
467
1311
313
3526
979
990
7833
11922
958
14413
7812
25
8110
5454
13482
1840
8818
5770
3120
535
11290
5240
14655
7156
9174
12693
3123
6136
6657
1869
5703
890
14889
6759
6728
4238
9007
6498
9124
9558
1744
5769
6981
14336
9665
3841
1175
3307
4182
4911
14738
